<html>
<head>
<title>TestNG:  CartPage_Functional - Chrome</title>
<link href="../testng.css" rel="stylesheet" type="text/css" />
<link href="../my-testng.css" rel="stylesheet" type="text/css" />

<style type="text/css">
.log { display: none;} 
.stack-trace { display: none;} 
</style>
<script type="text/javascript">
<!--
function flip(e) {
  current = e.style.display;
  if (current == 'block') {
    e.style.display = 'none';
    return 0;
  }
  else {
    e.style.display = 'block';
    return 1;
  }
}

function toggleBox(szDivId, elem, msg1, msg2)
{
  var res = -1;  if (document.getElementById) {
    res = flip(document.getElementById(szDivId));
  }
  else if (document.all) {
    // this is the way old msie versions work
    res = flip(document.all[szDivId]);
  }
  if(elem) {
    if(res == 0) elem.innerHTML = msg1; else elem.innerHTML = msg2;
  }

}

function toggleAllBoxes() {
  if (document.getElementsByTagName) {
    d = document.getElementsByTagName('div');
    for (i = 0; i < d.length; i++) {
      if (d[i].className == 'log') {
        flip(d[i]);
      }
    }
  }
}

// -->
</script>

</head>
<body>
<h2 align='center'>CartPage_Functional - Chrome</h2><table border='1' align="center">
<tr>
<td>Tests passed/Failed/Skipped:</td><td>11/1/0</td>
</tr><tr>
<td>Started on:</td><td>Mon Sep 15 14:23:15 IST 2025</td>
</tr>
<tr><td>Total time:</td><td>72 seconds (72221 ms)</td>
</tr><tr>
<td>Included groups:</td><td></td>
</tr><tr>
<td>Excluded groups:</td><td></td>
</tr>
</table><p/>
<small><i>(Hover the method name to see the test class name)</i></small><p/>
<table width='100%' border='1' class='invocation-failed'>
<tr><td colspan='4' align='center'><b>FAILED TESTS</b></td></tr>
<tr><td><b>Test method</b></td>
<td><b>Attribute(s)</b></td>
<td width="30%"><b>Exception</b></td>
<td width="10%"><b>Time (seconds)</b></td>
<td><b>Instance</b></td>
</tr>
<tr>
<td title='com.ecom.tests.CartPageTest_Functional.TC_ECOM_Cart_008()'><b>TC_ECOM_Cart_008</b><br>Test class: com.ecom.tests.CartPageTest_Functional<br>Parameters: Zebuuu, zebuuu1@test.com, Mr, Password123, 10, May, 1995, Zebuuu, Test, 123 Street, City, India, TN, Chennai, 600986, 987654321</td>
<td><div><pre>java.lang.AssertionError: Expected condition failed: waiting for visibility of element located by By.name: name (tried for 10 second(s) with 500 milliseconds interval)
Build info: version: &apos;4.35.0&apos;, revision: &apos;1c58e5028b&apos;
System info: os.name: &apos;Windows 10&apos;, os.arch: &apos;amd64&apos;, os.version: &apos;10.0&apos;, java.version: &apos;17.0.12&apos;
Driver info: org.openqa.selenium.chrome.ChromeDriver
Capabilities {acceptInsecureCerts: false, browserName: chrome, browserVersion: 140.0.7339.128, chrome: {chromedriverVersion: 140.0.7339.82 (bc93617e21c3..., userDataDir: C:\Users\HP\AppData\Local\T...}, fedcm:accounts: true, goog:chromeOptions: {debuggerAddress: localhost:61672}, networkConnectionEnabled: false, pageLoadStrategy: normal, platformName: windows, proxy: Proxy(), se:cdp: ws://localhost:61672/devtoo..., se:cdpVersion: 140.0.7339.128, setWindowRect: true, strictFileInteractability: false, timeouts: {implicit: 0, pageLoad: 300000, script: 30000}, unhandledPromptBehavior: dismiss and notify, webauthn:extension:credBlob: true, webauthn:extension:largeBlob: true, webauthn:extension:minPinLength: true, webauthn:extension:prf: true, webauthn:virtualAuthenticators: true}
Session ID: f628ba33e572e112cde47fd594a9c635
	at com.ecom.tests.CartPageTest_Functional.handleFailure(CartPageTest_Functional.java:39)
	at com.ecom.tests.CartPageTest_Functional.TC_ECOM_Cart_008(CartPageTest_Functional.java:367)
	at java.base/java.util.ArrayList.forEach(ArrayList.java:1511)
... Removed 28 stack frames</pre></div><a href='#' onClick='toggleBox("stack-trace132644461", this, "Click to show all stack frames", "Click to hide stack frames")'>Click to show all stack frames</a>
<div class='stack-trace' id='stack-trace132644461'><pre>java.lang.AssertionError: Expected condition failed: waiting for visibility of element located by By.name: name (tried for 10 second(s) with 500 milliseconds interval)
Build info: version: &apos;4.35.0&apos;, revision: &apos;1c58e5028b&apos;
System info: os.name: &apos;Windows 10&apos;, os.arch: &apos;amd64&apos;, os.version: &apos;10.0&apos;, java.version: &apos;17.0.12&apos;
Driver info: org.openqa.selenium.chrome.ChromeDriver
Capabilities {acceptInsecureCerts: false, browserName: chrome, browserVersion: 140.0.7339.128, chrome: {chromedriverVersion: 140.0.7339.82 (bc93617e21c3..., userDataDir: C:\Users\HP\AppData\Local\T...}, fedcm:accounts: true, goog:chromeOptions: {debuggerAddress: localhost:61672}, networkConnectionEnabled: false, pageLoadStrategy: normal, platformName: windows, proxy: Proxy(), se:cdp: ws://localhost:61672/devtoo..., se:cdpVersion: 140.0.7339.128, setWindowRect: true, strictFileInteractability: false, timeouts: {implicit: 0, pageLoad: 300000, script: 30000}, unhandledPromptBehavior: dismiss and notify, webauthn:extension:credBlob: true, webauthn:extension:largeBlob: true, webauthn:extension:minPinLength: true, webauthn:extension:prf: true, webauthn:virtualAuthenticators: true}
Session ID: f628ba33e572e112cde47fd594a9c635
	at org.testng.Assert.fail(Assert.java:111)
	at com.ecom.tests.CartPageTest_Functional.handleFailure(CartPageTest_Functional.java:39)
	at com.ecom.tests.CartPageTest_Functional.TC_ECOM_Cart_008(CartPageTest_Functional.java:367)
	at java.base/jdk.internal.reflect.NativeMethodAccessorImpl.invoke0(Native Method)
	at java.base/jdk.internal.reflect.NativeMethodAccessorImpl.invoke(NativeMethodAccessorImpl.java:77)
	at java.base/jdk.internal.reflect.DelegatingMethodAccessorImpl.invoke(DelegatingMethodAccessorImpl.java:43)
	at java.base/java.lang.reflect.Method.invoke(Method.java:568)
	at org.testng.internal.invokers.MethodInvocationHelper.invokeMethod(MethodInvocationHelper.java:141)
	at org.testng.internal.invokers.TestInvoker.invokeMethod(TestInvoker.java:687)
	at org.testng.internal.invokers.TestInvoker.invokeTestMethod(TestInvoker.java:230)
	at org.testng.internal.invokers.MethodRunner.runInSequence(MethodRunner.java:63)
	at org.testng.internal.invokers.TestInvoker$MethodInvocationAgent.invoke(TestInvoker.java:995)
	at org.testng.internal.invokers.TestInvoker.invokeTestMethods(TestInvoker.java:203)
	at org.testng.internal.invokers.TestMethodWorker.invokeTestMethods(TestMethodWorker.java:154)
	at org.testng.internal.invokers.TestMethodWorker.run(TestMethodWorker.java:134)
	at java.base/java.util.ArrayList.forEach(ArrayList.java:1511)
	at org.testng.TestRunner.privateRun(TestRunner.java:741)
	at org.testng.TestRunner.run(TestRunner.java:616)
	at org.testng.SuiteRunner.runTest(SuiteRunner.java:421)
	at org.testng.SuiteRunner.runSequentially(SuiteRunner.java:413)
	at org.testng.SuiteRunner.privateRun(SuiteRunner.java:373)
	at org.testng.SuiteRunner.run(SuiteRunner.java:312)
	at org.testng.SuiteRunnerWorker.runSuite(SuiteRunnerWorker.java:52)
	at org.testng.SuiteRunnerWorker.run(SuiteRunnerWorker.java:95)
	at org.testng.TestNG.runSuitesSequentially(TestNG.java:1274)
	at org.testng.TestNG.runSuitesLocally(TestNG.java:1208)
	at org.testng.TestNG.runSuites(TestNG.java:1112)
	at org.testng.TestNG.run(TestNG.java:1079)
	at org.testng.remote.AbstractRemoteTestNG.run(AbstractRemoteTestNG.java:115)
	at org.testng.remote.RemoteTestNG.initAndRun(RemoteTestNG.java:293)
	at org.testng.remote.RemoteTestNG.main(RemoteTestNG.java:91)
</pre></div></td>
<td>13</td>
<td>com.ecom.tests.CartPageTest_Functional@d21a74c</td></tr>
</table><p>
<table width='100%' border='1' class='invocation-passed'>
<tr><td colspan='4' align='center'><b>PASSED TESTS</b></td></tr>
<tr><td><b>Test method</b></td>
<td><b>Attribute(s)</b></td>
<td width="30%"><b>Exception</b></td>
<td width="10%"><b>Time (seconds)</b></td>
<td><b>Instance</b></td>
</tr>
<tr>
<td title='com.ecom.tests.CartPageTest_Functional.TC_ECOM_Cart_010()'><b>TC_ECOM_Cart_010</b><br>Test class: com.ecom.tests.CartPageTest_Functional</td>
<td></td>
<td>3</td>
<td>com.ecom.tests.CartPageTest_Functional@d21a74c</td></tr>
<tr>
<td title='com.ecom.tests.CartPageTest_Functional.TC_ECOM_Cart_002()'><b>TC_ECOM_Cart_002</b><br>Test class: com.ecom.tests.CartPageTest_Functional</td>
<td></td>
<td>2</td>
<td>com.ecom.tests.CartPageTest_Functional@d21a74c</td></tr>
<tr>
<td title='com.ecom.tests.CartPageTest_Functional.TC_ECOM_Cart_003()'><b>TC_ECOM_Cart_003</b><br>Test class: com.ecom.tests.CartPageTest_Functional</td>
<td></td>
<td>0</td>
<td>com.ecom.tests.CartPageTest_Functional@d21a74c</td></tr>
<tr>
<td title='com.ecom.tests.CartPageTest_Functional.TC_ECOM_Cart_012()'><b>TC_ECOM_Cart_012</b><br>Test class: com.ecom.tests.CartPageTest_Functional</td>
<td></td>
<td>1</td>
<td>com.ecom.tests.CartPageTest_Functional@d21a74c</td></tr>
<tr>
<td title='com.ecom.tests.CartPageTest_Functional.TC_ECOM_Cart_004()'><b>TC_ECOM_Cart_004</b><br>Test class: com.ecom.tests.CartPageTest_Functional</td>
<td></td>
<td>3</td>
<td>com.ecom.tests.CartPageTest_Functional@d21a74c</td></tr>
<tr>
<td title='com.ecom.tests.CartPageTest_Functional.TC_ECOM_Cart_011()'><b>TC_ECOM_Cart_011</b><br>Test class: com.ecom.tests.CartPageTest_Functional</td>
<td></td>
<td>2</td>
<td>com.ecom.tests.CartPageTest_Functional@d21a74c</td></tr>
<tr>
<td title='com.ecom.tests.CartPageTest_Functional.TC_ECOM_Cart_001()'><b>TC_ECOM_Cart_001</b><br>Test class: com.ecom.tests.CartPageTest_Functional</td>
<td></td>
<td>0</td>
<td>com.ecom.tests.CartPageTest_Functional@d21a74c</td></tr>
<tr>
<td title='com.ecom.tests.CartPageTest_Functional.TC_ECOM_Cart_005()'><b>TC_ECOM_Cart_005</b><br>Test class: com.ecom.tests.CartPageTest_Functional</td>
<td></td>
<td>4</td>
<td>com.ecom.tests.CartPageTest_Functional@d21a74c</td></tr>
<tr>
<td title='com.ecom.tests.CartPageTest_Functional.TC_ECOM_Cart_007()'><b>TC_ECOM_Cart_007</b><br>Test class: com.ecom.tests.CartPageTest_Functional</td>
<td></td>
<td>5</td>
<td>com.ecom.tests.CartPageTest_Functional@d21a74c</td></tr>
<tr>
<td title='com.ecom.tests.CartPageTest_Functional.TC_ECOM_Cart_006()'><b>TC_ECOM_Cart_006</b><br>Test class: com.ecom.tests.CartPageTest_Functional</td>
<td></td>
<td>24</td>
<td>com.ecom.tests.CartPageTest_Functional@d21a74c</td></tr>
<tr>
<td title='com.ecom.tests.CartPageTest_Functional.TC_ECOM_Cart_009()'><b>TC_ECOM_Cart_009</b><br>Test class: com.ecom.tests.CartPageTest_Functional</td>
<td></td>
<td>1</td>
<td>com.ecom.tests.CartPageTest_Functional@d21a74c</td></tr>
</table><p>
</body>
</html>