<?xml version="1.0" encoding="UTF-8"?>
<!-- Generated by org.testng.reporters.JUnitXMLReporter -->
<testsuite ignored="0" hostname="DESKTOP-RGL2CCS" failures="1" tests="19" name="CartPage_UI - Chrome" time="21.004" errors="0" timestamp="2025-09-15T14:26:23 IST">
  <testcase classname="com.ecom.tests.CartPageTest_UI" name="verifyLogoDisplayed" time="1.191"/>
  <testcase classname="com.ecom.tests.CartPageTest_UI" name="verifyProductsIconDisplayed" time="0.207"/>
  <testcase classname="com.ecom.tests.CartPageTest_UI" name="verifyTestCasesDisplayed" time="0.162"/>
  <testcase classname="com.ecom.tests.CartPageTest_UI" name="verifySignupLoginIconDisplayed" time="0.142"/>
  <testcase classname="com.ecom.tests.CartPageTest_UI" name="verifyVideoTutorialsIconDisplayed" time="0.16"/>
  <testcase classname="com.ecom.tests.CartPageTest_UI" name="verifyHomeIconDisplayed" time="0.167"/>
  <testcase classname="com.ecom.tests.CartPageTest_UI" name="verifyContactUsIconDisplayed" time="0.147"/>
  <testcase classname="com.ecom.tests.CartPageTest_UI" name="verifyApiTestingIconDisplayed" time="0.148"/>
  <testcase classname="com.ecom.tests.CartPageTest_UI" name="verifyShoppingCartBreadcrumb" time="0.165"/>
  <testcase classname="com.ecom.tests.CartPageTest_UI" name="verifyEmptyCartHereLink" time="0.144"/>
  <testcase classname="com.ecom.tests.CartPageTest_UI" name="verifyDeleteProductFromCart" time="3.818"/>
  <testcase classname="com.ecom.tests.CartPageTest_UI" name="verifyProceedtoCheckout" time="0.156"/>
  <testcase classname="com.ecom.tests.CartPageTest_UI" name="verifyProductDiaplaytoBuy" time="0.284"/>
  <testcase classname="com.ecom.tests.CartPageTest_UI" name="verifySubscriptionIconVisible" time="0.163"/>
  <testcase classname="com.ecom.tests.CartPageTest_UI" name="verifySubscriptionEmpty" time="0.52"/>
  <testcase classname="com.ecom.tests.CartPageTest_UI" name="verifySubscriptionInvalid" time="2.584"/>
  <testcase classname="com.ecom.tests.CartPageTest_UI" name="verifySubscriptionValid" time="0.564"/>
  <testcase classname="com.ecom.tests.CartPageTest_UI" name="verifySubscriptionUseralreadyExist" time="0.628">
    <failure type="java.lang.AssertionError" message="Subscription success message should NOT be displayed! expected [false] but found [true]">
      <![CDATA[java.lang.AssertionError: Subscription success message should NOT be displayed! expected [false] but found [true]
at com.ecom.tests.CartPageTest_UI.verifySubscriptionUseralreadyExist(CartPageTest_UI.java:281)
at java.base/java.util.ArrayList.forEach(ArrayList.java:1511)
... Removed 30 stack frames]]>
    </failure>
  </testcase> <!-- verifySubscriptionUseralreadyExist -->
  <testcase classname="com.ecom.tests.CartPageTest_UI" name="verifyScrollToTopButton" time="0.642"/>
</testsuite> <!-- CartPage_UI - Chrome -->
