<?xml version="1.0" encoding="UTF-8"?>
<!-- Generated by org.testng.reporters.JUnitXMLReporter -->
<testsuite ignored="0" hostname="DESKTOP-RGL2CCS" failures="1" tests="12" name="CartPage_Functional - Chrome" time="72.221" errors="0" timestamp="2025-09-15T14:24:28 IST">
  <testcase classname="com.ecom.tests.CartPageTest_Functional" name="TC_ECOM_Cart_001" time="0.877"/>
  <testcase classname="com.ecom.tests.CartPageTest_Functional" name="TC_ECOM_Cart_002" time="2.359"/>
  <testcase classname="com.ecom.tests.CartPageTest_Functional" name="TC_ECOM_Cart_003" time="0.946"/>
  <testcase classname="com.ecom.tests.CartPageTest_Functional" name="TC_ECOM_Cart_004" time="3.3"/>
  <testcase classname="com.ecom.tests.CartPageTest_Functional" name="TC_ECOM_Cart_005" time="4.081"/>
  <testcase classname="com.ecom.tests.CartPageTest_Functional" name="TC_ECOM_Cart_006" time="24.491"/>
  <testcase classname="com.ecom.tests.CartPageTest_Functional" name="TC_ECOM_Cart_007" time="5.088"/>
  <testcase classname="com.ecom.tests.CartPageTest_Functional" name="TC_ECOM_Cart_008" time="13.66">
    <failure type="java.lang.AssertionError" message="Expected condition failed: waiting for visibility of element located by By.name: name (tried for 10 second(s) with 500 milliseconds interval)
Build info: version: &amp;apos;4.35.0&amp;apos;, revision: &amp;apos;1c58e5028b&amp;apos;
System info: os.name: &amp;apos;Windows 10&amp;apos;, os.arch: &amp;apos;amd64&amp;apos;, os.version: &amp;apos;10.0&amp;apos;, java.version: &amp;apos;17.0.12&amp;apos;
Driver info: org.openqa.selenium.chrome.ChromeDriver
Capabilities {acceptInsecureCerts: false, browserName: chrome, browserVersion: 140.0.7339.128, chrome: {chromedriverVersion: 140.0.7339.82 (bc93617e21c3..., userDataDir: C:\Users\HP\AppData\Local\T...}, fedcm:accounts: true, goog:chromeOptions: {debuggerAddress: localhost:61672}, networkConnectionEnabled: false, pageLoadStrategy: normal, platformName: windows, proxy: Proxy(), se:cdp: ws://localhost:61672/devtoo..., se:cdpVersion: 140.0.7339.128, setWindowRect: true, strictFileInteractability: false, timeouts: {implicit: 0, pageLoad: 300000, script: 30000}, unhandledPromptBehavior: dismiss and notify, webauthn:extension:credBlob: true, webauthn:extension:largeBlob: true, webauthn:extension:minPinLength: true, webauthn:extension:prf: true, webauthn:virtualAuthenticators: true}
Session ID: f628ba33e572e112cde47fd594a9c635">
      <![CDATA[java.lang.AssertionError: Expected condition failed: waiting for visibility of element located by By.name: name (tried for 10 second(s) with 500 milliseconds interval)
Build info: version: '4.35.0', revision: '1c58e5028b'
System info: os.name: 'Windows 10', os.arch: 'amd64', os.version: '10.0', java.version: '17.0.12'
Driver info: org.openqa.selenium.chrome.ChromeDriver
Capabilities {acceptInsecureCerts: false, browserName: chrome, browserVersion: 140.0.7339.128, chrome: {chromedriverVersion: 140.0.7339.82 (bc93617e21c3..., userDataDir: C:\Users\HP\AppData\Local\T...}, fedcm:accounts: true, goog:chromeOptions: {debuggerAddress: localhost:61672}, networkConnectionEnabled: false, pageLoadStrategy: normal, platformName: windows, proxy: Proxy(), se:cdp: ws://localhost:61672/devtoo..., se:cdpVersion: 140.0.7339.128, setWindowRect: true, strictFileInteractability: false, timeouts: {implicit: 0, pageLoad: 300000, script: 30000}, unhandledPromptBehavior: dismiss and notify, webauthn:extension:credBlob: true, webauthn:extension:largeBlob: true, webauthn:extension:minPinLength: true, webauthn:extension:prf: true, webauthn:virtualAuthenticators: true}
Session ID: f628ba33e572e112cde47fd594a9c635
at com.ecom.tests.CartPageTest_Functional.handleFailure(CartPageTest_Functional.java:39)
at com.ecom.tests.CartPageTest_Functional.TC_ECOM_Cart_008(CartPageTest_Functional.java:367)
at java.base/java.util.ArrayList.forEach(ArrayList.java:1511)
... Removed 28 stack frames]]>
    </failure>
  </testcase> <!-- TC_ECOM_Cart_008 -->
  <testcase classname="com.ecom.tests.CartPageTest_Functional" name="TC_ECOM_Cart_009" time="1.921"/>
  <testcase classname="com.ecom.tests.CartPageTest_Functional" name="TC_ECOM_Cart_010" time="3.357"/>
  <testcase classname="com.ecom.tests.CartPageTest_Functional" name="TC_ECOM_Cart_011" time="2.755"/>
  <testcase classname="com.ecom.tests.CartPageTest_Functional" name="TC_ECOM_Cart_012" time="1.707"/>
</testsuite> <!-- CartPage_Functional - Chrome -->
