<?xml version="1.0" encoding="UTF-8"?>
<!-- Generated by org.testng.reporters.JUnitXMLReporter -->
<testsuite ignored="0" hostname="DESKTOP-RGL2CCS" failures="3" tests="19" name="ContactUsPage_Functional - Chrome" time="37.98" errors="0" timestamp="2025-09-15T14:33:41 IST">
  <testcase classname="com.ecom.tests.ContactUsPageTest_Functional" name="verifyBrowserLaunch" time="0.271"/>
  <testcase classname="com.ecom.tests.ContactUsPageTest_Functional" name="verifyContactUsIcon" time="1.786"/>
  <testcase classname="com.ecom.tests.ContactUsPageTest_Functional" name="enterName" time="0.559"/>
  <testcase classname="com.ecom.tests.ContactUsPageTest_Functional" name="enterSubject" time="0.455"/>
  <testcase classname="com.ecom.tests.ContactUsPageTest_Functional" name="enterMessage" time="0.648"/>
  <testcase classname="com.ecom.tests.ContactUsPageTest_Functional" name="uploadFile" time="0.301"/>
  <testcase classname="com.ecom.tests.ContactUsPageTest_Functional" name="verifyEmailEmpty" time="1.65"/>
  <testcase classname="com.ecom.tests.ContactUsPageTest_Functional" name="verifyEmailInvalid" time="2.662"/>
  <testcase classname="com.ecom.tests.ContactUsPageTest_Functional" name="enterEmail" time="0.712"/>
  <testcase classname="com.ecom.tests.ContactUsPageTest_Functional" name="submitForm" time="0.618"/>
  <testcase classname="com.ecom.tests.ContactUsPageTest_Functional" name="verifyNameInvalid" time="4.336">
    <failure type="java.lang.AssertionError" message="Success message should NOT be displayed and pop should rise as Invalid Name expected [false] but found [true]">
      <![CDATA[java.lang.AssertionError: Success message should NOT be displayed and pop should rise as Invalid Name expected [false] but found [true]
at com.ecom.tests.ContactUsPageTest_Functional.verifyNameInvalid(ContactUsPageTest_Functional.java:187)
at java.base/java.util.ArrayList.forEach(ArrayList.java:1511)
... Removed 30 stack frames]]>
    </failure>
  </testcase> <!-- verifyNameInvalid -->
  <testcase classname="com.ecom.tests.ContactUsPageTest_Functional" name="verifyNoFileAttach" time="3.704">
    <failure type="java.lang.AssertionError" message="Success message should NOT be displayed and pop should rise as Invalid Name expected [false] but found [true]">
      <![CDATA[java.lang.AssertionError: Success message should NOT be displayed and pop should rise as Invalid Name expected [false] but found [true]
at com.ecom.tests.ContactUsPageTest_Functional.verifyNoFileAttach(ContactUsPageTest_Functional.java:213)
at java.base/java.util.ArrayList.forEach(ArrayList.java:1511)
... Removed 30 stack frames]]>
    </failure>
  </testcase> <!-- verifyNoFileAttach -->
  <testcase classname="com.ecom.tests.ContactUsPageTest_Functional" name="verifySubscriptionIconVisible" time="0.289"/>
  <testcase classname="com.ecom.tests.ContactUsPageTest_Functional" name="verifySubscriptionInvalid" time="2.54"/>
  <testcase classname="com.ecom.tests.ContactUsPageTest_Functional" name="verifySubscriptionEmpty" time="1.619"/>
  <testcase classname="com.ecom.tests.ContactUsPageTest_Functional" name="verifySubscriptionValid" time="0.71"/>
  <testcase classname="com.ecom.tests.ContactUsPageTest_Functional" name="verifySubscriptionUseralreadyExist" time="0.748">
    <failure type="java.lang.AssertionError" message="Subscription success message is displayed instead of error for already registered email">
      <![CDATA[java.lang.AssertionError: Subscription success message is displayed instead of error for already registered email
at com.ecom.tests.ContactUsPageTest_Functional.verifySubscriptionUseralreadyExist(ContactUsPageTest_Functional.java:307)
at java.base/java.util.ArrayList.forEach(ArrayList.java:1511)
... Removed 28 stack frames]]>
    </failure>
  </testcase> <!-- verifySubscriptionUseralreadyExist -->
  <testcase classname="com.ecom.tests.ContactUsPageTest_Functional" name="verifyScrollToTopButton" time="0.449"/>
  <testcase classname="com.ecom.tests.ContactUsPageTest_Functional" name="verifyNavigationBackToHome" time="3.39"/>
</testsuite> <!-- ContactUsPage_Functional - Chrome -->
