<?xml version="1.0" encoding="UTF-8"?>
<!-- Generated by org.testng.reporters.JUnitXMLReporter -->
<testsuite ignored="0" hostname="DESKTOP-RGL2CCS" failures="1" tests="21" name="ProductPage_Functional - Chrome" time="38.462" errors="0" timestamp="2025-09-15T14:52:02 IST">
  <testcase classname="com.ecom.tests.ProductPageTest_Functional" name="verifyBrowserLaunch" time="0.274"/>
  <testcase classname="com.ecom.tests.ProductPageTest_Functional" name="verifyContactUsIcon" time="2.029"/>
  <testcase classname="com.ecom.tests.ProductPageTest_Functional" name="verifyAllProductSection" time="0.287"/>
  <testcase classname="com.ecom.tests.ProductPageTest_Functional" name="verifyAddToCart" time="2.9"/>
  <testcase classname="com.ecom.tests.ProductPageTest_Functional" name="verifyViewProductButton" time="4.08"/>
  <testcase classname="com.ecom.tests.ProductPageTest_Functional" name="verifyProductDetail" time="0.238"/>
  <testcase classname="com.ecom.tests.ProductPageTest_Functional" name="verifyProductName" time="0.202"/>
  <testcase classname="com.ecom.tests.ProductPageTest_Functional" name="verifyProductCategory" time="0.214"/>
  <testcase classname="com.ecom.tests.ProductPageTest_Functional" name="verifyProductPrice" time="0.216"/>
  <testcase classname="com.ecom.tests.ProductPageTest_Functional" name="verifyProductAvailability" time="0.286"/>
  <testcase classname="com.ecom.tests.ProductPageTest_Functional" name="verifyProductCondition" time="0.533"/>
  <testcase classname="com.ecom.tests.ProductPageTest_Functional" name="verifyProductBrand" time="0.256"/>
  <testcase classname="com.ecom.tests.ProductPageTest_Functional" name="verifyWriteYourReview" time="1.013"/>
  <testcase classname="com.ecom.tests.ProductPageTest_Functional" name="verifyProductSearch" time="5.2"/>
  <testcase classname="com.ecom.tests.ProductPageTest_Functional" name="verifySearchProductsSection" time="0.711"/>
  <testcase classname="com.ecom.tests.ProductPageTest_Functional" name="verifySubscriptionIconVisible" time="0.282"/>
  <testcase classname="com.ecom.tests.ProductPageTest_Functional" name="verifySubscriptionEmpty" time="0.846"/>
  <testcase classname="com.ecom.tests.ProductPageTest_Functional" name="verifySubscriptionInvalid" time="2.923"/>
  <testcase classname="com.ecom.tests.ProductPageTest_Functional" name="verifySubscriptionValid" time="1.178"/>
  <testcase classname="com.ecom.tests.ProductPageTest_Functional" name="verifySubscriptionUseralreadyExist" time="0.916">
    <failure type="java.lang.AssertionError" message="Subscription success message should NOT be displayed! expected [false] but found [true]">
      <![CDATA[java.lang.AssertionError: Subscription success message should NOT be displayed! expected [false] but found [true]
at com.ecom.tests.ProductPageTest_Functional.verifySubscriptionUseralreadyExist(ProductPageTest_Functional.java:324)
at java.base/java.util.ArrayList.forEach(ArrayList.java:1511)
... Removed 30 stack frames]]>
    </failure>
  </testcase> <!-- verifySubscriptionUseralreadyExist -->
  <testcase classname="com.ecom.tests.ProductPageTest_Functional" name="verifyScrollToTopButton" time="0.538"/>
</testsuite> <!-- ProductPage_Functional - Chrome -->
