<html>
<head>
<title>TestNG:  RegisterPage_Functional - Chrome</title>
<link href="../testng.css" rel="stylesheet" type="text/css" />
<link href="../my-testng.css" rel="stylesheet" type="text/css" />

<style type="text/css">
.log { display: none;} 
.stack-trace { display: none;} 
</style>
<script type="text/javascript">
<!--
function flip(e) {
  current = e.style.display;
  if (current == 'block') {
    e.style.display = 'none';
    return 0;
  }
  else {
    e.style.display = 'block';
    return 1;
  }
}

function toggleBox(szDivId, elem, msg1, msg2)
{
  var res = -1;  if (document.getElementById) {
    res = flip(document.getElementById(szDivId));
  }
  else if (document.all) {
    // this is the way old msie versions work
    res = flip(document.all[szDivId]);
  }
  if(elem) {
    if(res == 0) elem.innerHTML = msg1; else elem.innerHTML = msg2;
  }

}

function toggleAllBoxes() {
  if (document.getElementsByTagName) {
    d = document.getElementsByTagName('div');
    for (i = 0; i < d.length; i++) {
      if (d[i].className == 'log') {
        flip(d[i]);
      }
    }
  }
}

// -->
</script>

</head>
<body>
<h2 align='center'>RegisterPage_Functional - Chrome</h2><table border='1' align="center">
<tr>
<td>Tests passed/Failed/Skipped:</td><td>31/1/0</td>
</tr><tr>
<td>Started on:</td><td>Mon Sep 15 15:07:10 IST 2025</td>
</tr>
<tr><td>Total time:</td><td>60 seconds (60339 ms)</td>
</tr><tr>
<td>Included groups:</td><td></td>
</tr><tr>
<td>Excluded groups:</td><td></td>
</tr>
</table><p/>
<small><i>(Hover the method name to see the test class name)</i></small><p/>
<table width='100%' border='1' class='invocation-failed'>
<tr><td colspan='4' align='center'><b>FAILED TESTS</b></td></tr>
<tr><td><b>Test method</b></td>
<td><b>Attribute(s)</b></td>
<td width="30%"><b>Exception</b></td>
<td width="10%"><b>Time (seconds)</b></td>
<td><b>Instance</b></td>
</tr>
<tr>
<td title='com.ecom.tests.RegisterPageTest_Functional.verifyInvalidName()'><b>verifyInvalidName</b><br>Test class: com.ecom.tests.RegisterPageTest_Functional<br>Parameters: 12#3, kaviya900@gmail.com</td>
<td><div><pre>java.lang.AssertionError: Navigation to Create Account should NOT happen with invalid name
	at com.ecom.tests.RegisterPageTest_Functional.verifyInvalidName(RegisterPageTest_Functional.java:106)
	at java.base/java.util.ArrayList.forEach(ArrayList.java:1511)
... Removed 28 stack frames</pre></div><a href='#' onClick='toggleBox("stack-trace531373404", this, "Click to show all stack frames", "Click to hide stack frames")'>Click to show all stack frames</a>
<div class='stack-trace' id='stack-trace531373404'><pre>java.lang.AssertionError: Navigation to Create Account should NOT happen with invalid name
	at org.testng.Assert.fail(Assert.java:111)
	at com.ecom.tests.RegisterPageTest_Functional.verifyInvalidName(RegisterPageTest_Functional.java:106)
	at java.base/jdk.internal.reflect.NativeMethodAccessorImpl.invoke0(Native Method)
	at java.base/jdk.internal.reflect.NativeMethodAccessorImpl.invoke(NativeMethodAccessorImpl.java:77)
	at java.base/jdk.internal.reflect.DelegatingMethodAccessorImpl.invoke(DelegatingMethodAccessorImpl.java:43)
	at java.base/java.lang.reflect.Method.invoke(Method.java:568)
	at org.testng.internal.invokers.MethodInvocationHelper.invokeMethod(MethodInvocationHelper.java:141)
	at org.testng.internal.invokers.TestInvoker.invokeMethod(TestInvoker.java:687)
	at org.testng.internal.invokers.TestInvoker.invokeTestMethod(TestInvoker.java:230)
	at org.testng.internal.invokers.MethodRunner.runInSequence(MethodRunner.java:63)
	at org.testng.internal.invokers.TestInvoker$MethodInvocationAgent.invoke(TestInvoker.java:995)
	at org.testng.internal.invokers.TestInvoker.invokeTestMethods(TestInvoker.java:203)
	at org.testng.internal.invokers.TestMethodWorker.invokeTestMethods(TestMethodWorker.java:154)
	at org.testng.internal.invokers.TestMethodWorker.run(TestMethodWorker.java:134)
	at java.base/java.util.ArrayList.forEach(ArrayList.java:1511)
	at org.testng.TestRunner.privateRun(TestRunner.java:741)
	at org.testng.TestRunner.run(TestRunner.java:616)
	at org.testng.SuiteRunner.runTest(SuiteRunner.java:421)
	at org.testng.SuiteRunner.runSequentially(SuiteRunner.java:413)
	at org.testng.SuiteRunner.privateRun(SuiteRunner.java:373)
	at org.testng.SuiteRunner.run(SuiteRunner.java:312)
	at org.testng.SuiteRunnerWorker.runSuite(SuiteRunnerWorker.java:52)
	at org.testng.SuiteRunnerWorker.run(SuiteRunnerWorker.java:95)
	at org.testng.TestNG.runSuitesSequentially(TestNG.java:1274)
	at org.testng.TestNG.runSuitesLocally(TestNG.java:1208)
	at org.testng.TestNG.runSuites(TestNG.java:1112)
	at org.testng.TestNG.run(TestNG.java:1079)
	at org.testng.remote.AbstractRemoteTestNG.run(AbstractRemoteTestNG.java:115)
	at org.testng.remote.RemoteTestNG.initAndRun(RemoteTestNG.java:293)
	at org.testng.remote.RemoteTestNG.main(RemoteTestNG.java:91)
</pre></div></td>
<td>6</td>
<td>com.ecom.tests.RegisterPageTest_Functional@32910148</td></tr>
</table><p>
<table width='100%' border='1' class='invocation-passed'>
<tr><td colspan='4' align='center'><b>PASSED TESTS</b></td></tr>
<tr><td><b>Test method</b></td>
<td><b>Attribute(s)</b></td>
<td width="30%"><b>Exception</b></td>
<td width="10%"><b>Time (seconds)</b></td>
<td><b>Instance</b></td>
</tr>
<tr>
<td title='com.ecom.tests.RegisterPageTest_Functional.verifyExistSignup()'><b>verifyExistSignup</b><br>Test class: com.ecom.tests.RegisterPageTest_Functional<br>Parameters: Test user c, kaviya@gmail.com</td>
<td></td>
<td>5</td>
<td>com.ecom.tests.RegisterPageTest_Functional@32910148</td></tr>
<tr>
<td title='com.ecom.tests.RegisterPageTest_Functional.verifySignup()'><b>verifySignup</b><br>Test class: com.ecom.tests.RegisterPageTest_Functional<br>Parameters: Test user c, kavi18177@example.com</td>
<td></td>
<td>3</td>
<td>com.ecom.tests.RegisterPageTest_Functional@32910148</td></tr>
<tr>
<td title='com.ecom.tests.RegisterPageTest_Functional.enterAddress2()'><b>enterAddress2</b><br>Test class: com.ecom.tests.RegisterPageTest_Functional<br>Parameters: Block C</td>
<td></td>
<td>0</td>
<td>com.ecom.tests.RegisterPageTest_Functional@32910148</td></tr>
<tr>
<td title='com.ecom.tests.RegisterPageTest_Functional.verifyBrowserLaunch()'><b>verifyBrowserLaunch</b><br>Test class: com.ecom.tests.RegisterPageTest_Functional</td>
<td></td>
<td>0</td>
<td>com.ecom.tests.RegisterPageTest_Functional@32910148</td></tr>
<tr>
<td title='com.ecom.tests.RegisterPageTest_Functional.enterCompany()'><b>enterCompany</b><br>Test class: com.ecom.tests.RegisterPageTest_Functional<br>Parameters: CGI</td>
<td></td>
<td>0</td>
<td>com.ecom.tests.RegisterPageTest_Functional@32910148</td></tr>
<tr>
<td title='com.ecom.tests.RegisterPageTest_Functional.enterPasswordTest()'><b>enterPasswordTest</b><br>Test class: com.ecom.tests.RegisterPageTest_Functional<br>Parameters: Password@123</td>
<td></td>
<td>0</td>
<td>com.ecom.tests.RegisterPageTest_Functional@32910148</td></tr>
<tr>
<td title='com.ecom.tests.RegisterPageTest_Functional.verifySignuptoCreateAccount()'><b>verifySignuptoCreateAccount</b><br>Test class: com.ecom.tests.RegisterPageTest_Functional</td>
<td></td>
<td>0</td>
<td>com.ecom.tests.RegisterPageTest_Functional@32910148</td></tr>
<tr>
<td title='com.ecom.tests.RegisterPageTest_Functional.selectDateOfBirthTest()'><b>selectDateOfBirthTest</b><br>Test class: com.ecom.tests.RegisterPageTest_Functional<br>Parameters: 18, March, 2006</td>
<td></td>
<td>1</td>
<td>com.ecom.tests.RegisterPageTest_Functional@32910148</td></tr>
<tr>
<td title='com.ecom.tests.RegisterPageTest_Functional.enterLastName()'><b>enterLastName</b><br>Test class: com.ecom.tests.RegisterPageTest_Functional<br>Parameters: Anjali</td>
<td></td>
<td>0</td>
<td>com.ecom.tests.RegisterPageTest_Functional@32910148</td></tr>
<tr>
<td title='com.ecom.tests.RegisterPageTest_Functional.enterAddress1()'><b>enterAddress1</b><br>Test class: com.ecom.tests.RegisterPageTest_Functional<br>Parameters: 123 Main Street</td>
<td></td>
<td>0</td>
<td>com.ecom.tests.RegisterPageTest_Functional@32910148</td></tr>
<tr>
<td title='com.ecom.tests.RegisterPageTest_Functional.verifySpecialOffersCheckbox()'><b>verifySpecialOffersCheckbox</b><br>Test class: com.ecom.tests.RegisterPageTest_Functional</td>
<td></td>
<td>0</td>
<td>com.ecom.tests.RegisterPageTest_Functional@32910148</td></tr>
<tr>
<td title='com.ecom.tests.RegisterPageTest_Functional.enterMobile()'><b>enterMobile</b><br>Test class: com.ecom.tests.RegisterPageTest_Functional<br>Parameters: 1234567891</td>
<td></td>
<td>0</td>
<td>com.ecom.tests.RegisterPageTest_Functional@32910148</td></tr>
<tr>
<td title='com.ecom.tests.RegisterPageTest_Functional.clickContinueAfterAccountDeleted()'><b>clickContinueAfterAccountDeleted</b><br>Test class: com.ecom.tests.RegisterPageTest_Functional</td>
<td></td>
<td>3</td>
<td>com.ecom.tests.RegisterPageTest_Functional@32910148</td></tr>
<tr>
<td title='com.ecom.tests.RegisterPageTest_Functional.enterZipcode()'><b>enterZipcode</b><br>Test class: com.ecom.tests.RegisterPageTest_Functional<br>Parameters: 560001</td>
<td></td>
<td>0</td>
<td>com.ecom.tests.RegisterPageTest_Functional@32910148</td></tr>
<tr>
<td title='com.ecom.tests.RegisterPageTest_Functional.verifyAddressHeading()'><b>verifyAddressHeading</b><br>Test class: com.ecom.tests.RegisterPageTest_Functional</td>
<td></td>
<td>0</td>
<td>com.ecom.tests.RegisterPageTest_Functional@32910148</td></tr>
<tr>
<td title='com.ecom.tests.RegisterPageTest_Functional.clickCreateAccountButton()'><b>clickCreateAccountButton</b><br>Test class: com.ecom.tests.RegisterPageTest_Functional</td>
<td></td>
<td>3</td>
<td>com.ecom.tests.RegisterPageTest_Functional@32910148</td></tr>
<tr>
<td title='com.ecom.tests.RegisterPageTest_Functional.verifyAccountCreatedMessage()'><b>verifyAccountCreatedMessage</b><br>Test class: com.ecom.tests.RegisterPageTest_Functional</td>
<td></td>
<td>0</td>
<td>com.ecom.tests.RegisterPageTest_Functional@32910148</td></tr>
<tr>
<td title='com.ecom.tests.RegisterPageTest_Functional.selectNewsletterTest()'><b>selectNewsletterTest</b><br>Test class: com.ecom.tests.RegisterPageTest_Functional</td>
<td></td>
<td>0</td>
<td>com.ecom.tests.RegisterPageTest_Functional@32910148</td></tr>
<tr>
<td title='com.ecom.tests.RegisterPageTest_Functional.enterState()'><b>enterState</b><br>Test class: com.ecom.tests.RegisterPageTest_Functional<br>Parameters: Tamil Nadu</td>
<td></td>
<td>0</td>
<td>com.ecom.tests.RegisterPageTest_Functional@32910148</td></tr>
<tr>
<td title='com.ecom.tests.RegisterPageTest_Functional.enterFirstName()'><b>enterFirstName</b><br>Test class: com.ecom.tests.RegisterPageTest_Functional<br>Parameters: Kaviya</td>
<td></td>
<td>0</td>
<td>com.ecom.tests.RegisterPageTest_Functional@32910148</td></tr>
<tr>
<td title='com.ecom.tests.RegisterPageTest_Functional.selectCountry()'><b>selectCountry</b><br>Test class: com.ecom.tests.RegisterPageTest_Functional<br>Parameters: India</td>
<td></td>
<td>0</td>
<td>com.ecom.tests.RegisterPageTest_Functional@32910148</td></tr>
<tr>
<td title='com.ecom.tests.RegisterPageTest_Functional.verifyHomePageVisibility()'><b>verifyHomePageVisibility</b><br>Test class: com.ecom.tests.RegisterPageTest_Functional</td>
<td></td>
<td>0</td>
<td>com.ecom.tests.RegisterPageTest_Functional@32910148</td></tr>
<tr>
<td title='com.ecom.tests.RegisterPageTest_Functional.selectTitleTest()'><b>selectTitleTest</b><br>Test class: com.ecom.tests.RegisterPageTest_Functional<br>Parameters: Mrs</td>
<td></td>
<td>0</td>
<td>com.ecom.tests.RegisterPageTest_Functional@32910148</td></tr>
<tr>
<td title='com.ecom.tests.RegisterPageTest_Functional.clickDeleteAccount()'><b>clickDeleteAccount</b><br>Test class: com.ecom.tests.RegisterPageTest_Functional</td>
<td></td>
<td>1</td>
<td>com.ecom.tests.RegisterPageTest_Functional@32910148</td></tr>
<tr>
<td title='com.ecom.tests.RegisterPageTest_Functional.enterCity()'><b>enterCity</b><br>Test class: com.ecom.tests.RegisterPageTest_Functional<br>Parameters: Chennai</td>
<td></td>
<td>0</td>
<td>com.ecom.tests.RegisterPageTest_Functional@32910148</td></tr>
<tr>
<td title='com.ecom.tests.RegisterPageTest_Functional.verifyInvalidEmail()'><b>verifyInvalidEmail</b><br>Test class: com.ecom.tests.RegisterPageTest_Functional<br>Parameters: kaviya, kaviya.com</td>
<td></td>
<td>2</td>
<td>com.ecom.tests.RegisterPageTest_Functional@32910148</td></tr>
<tr>
<td title='com.ecom.tests.RegisterPageTest_Functional.verifyLoggedInAsUsername()'><b>verifyLoggedInAsUsername</b><br>Test class: com.ecom.tests.RegisterPageTest_Functional</td>
<td></td>
<td>4</td>
<td>com.ecom.tests.RegisterPageTest_Functional@32910148</td></tr>
<tr>
<td title='com.ecom.tests.RegisterPageTest_Functional.verifyAccountDeletedMessage()'><b>verifyAccountDeletedMessage</b><br>Test class: com.ecom.tests.RegisterPageTest_Functional</td>
<td></td>
<td>0</td>
<td>com.ecom.tests.RegisterPageTest_Functional@32910148</td></tr>
<tr>
<td title='com.ecom.tests.RegisterPageTest_Functional.verifyNewUserSignupSectionVisibility()'><b>verifyNewUserSignupSectionVisibility</b><br>Test class: com.ecom.tests.RegisterPageTest_Functional</td>
<td></td>
<td>0</td>
<td>com.ecom.tests.RegisterPageTest_Functional@32910148</td></tr>
<tr>
<td title='com.ecom.tests.RegisterPageTest_Functional.verifySignupLoginNavigation()'><b>verifySignupLoginNavigation</b><br>Test class: com.ecom.tests.RegisterPageTest_Functional</td>
<td></td>
<td>0</td>
<td>com.ecom.tests.RegisterPageTest_Functional@32910148</td></tr>
<tr>
<td title='com.ecom.tests.RegisterPageTest_Functional.verifySignupLoginButtonAvailability()'><b>verifySignupLoginButtonAvailability</b><br>Test class: com.ecom.tests.RegisterPageTest_Functional</td>
<td></td>
<td>2</td>
<td>com.ecom.tests.RegisterPageTest_Functional@32910148</td></tr>
</table><p>
</body>
</html>