<?xml version="1.0" encoding="UTF-8"?>
<!-- Generated by org.testng.reporters.JUnitXMLReporter -->
<testsuite ignored="26" hostname="DESKTOP-RGL2CCS" failures="11" tests="297" name="UI and Functional Test" time="780.677" errors="0" timestamp="2025-09-15T14:01:56 IST">
  <testcase classname="com.ecom.tests.APITestingPageTest_UI" name="verifyLogoDisplayed" time="2.052"/>
  <testcase classname="com.ecom.tests.APITestingPageTest_UI" name="verifyProductsIconDisplayed" time="0.172"/>
  <testcase classname="com.ecom.tests.APITestingPageTest_UI" name="verifyCartIconDisplayed" time="0.174"/>
  <testcase classname="com.ecom.tests.APITestingPageTest_UI" name="verifySignupLoginIconDisplayed" time="0.159"/>
  <testcase classname="com.ecom.tests.APITestingPageTest_UI" name="verifyVideoTutorialsIconDisplayed" time="0.166"/>
  <testcase classname="com.ecom.tests.APITestingPageTest_UI" name="verifyHomeIconDisplayed" time="0.141"/>
  <testcase classname="com.ecom.tests.APITestingPageTest_UI" name="verifyContactUsIconDisplayed" time="0.124"/>
  <testcase classname="com.ecom.tests.APITestingPageTest_UI" name="verifyApiTestingIconDisplayed" time="0.144"/>
  <testcase classname="com.ecom.tests.APITestingPageTest_UI" name="verifyApilistSectionDisplayed" time="0.147"/>
  <testcase classname="com.ecom.tests.APITestingPageTest_UI" name="verifyApiList1LinkDisplayed" time="0.533"/>
  <testcase classname="com.ecom.tests.APITestingPageTest_UI" name="verifyApiList2LinkDisplayed" time="0.564"/>
  <testcase classname="com.ecom.tests.APITestingPageTest_UI" name="verifyApiList3LinkDisplayed" time="0.519"/>
  <testcase classname="com.ecom.tests.APITestingPageTest_UI" name="verifyApiList4LinkDisplayed" time="0.499"/>
  <testcase classname="com.ecom.tests.APITestingPageTest_UI" name="verifyApiList5LinkDisplayed" time="0.527"/>
  <testcase classname="com.ecom.tests.APITestingPageTest_UI" name="verifyApiList6LinkDisplayed" time="0.532"/>
  <testcase classname="com.ecom.tests.APITestingPageTest_UI" name="verifyApiList7LinkDisplayed" time="0.574"/>
  <testcase classname="com.ecom.tests.APITestingPageTest_UI" name="verifyApiList8LinkDisplayed" time="0.627"/>
  <testcase classname="com.ecom.tests.APITestingPageTest_UI" name="verifyApiList9LinkDisplayed" time="0.607"/>
  <testcase classname="com.ecom.tests.APITestingPageTest_UI" name="verifyApiList10LinkDisplayed" time="0.58"/>
  <testcase classname="com.ecom.tests.APITestingPageTest_UI" name="verifyApiList11LinkDisplayed" time="0.591"/>
  <testcase classname="com.ecom.tests.APITestingPageTest_UI" name="verifyApiList12LinkDisplayed" time="0.521"/>
  <testcase classname="com.ecom.tests.APITestingPageTest_UI" name="verifyApiList13LinkDisplayed" time="0.508"/>
  <testcase classname="com.ecom.tests.APITestingPageTest_UI" name="verifyApiList14LinkDisplayed" time="0.509"/>
  <testcase classname="com.ecom.tests.APITestingPageTest_UI" name="verifyFeedbackSectionDisplayed" time="0.142"/>
  <testcase classname="com.ecom.tests.APITestingPageTest_UI" name="verifyFeedbackEmailDisplayed" time="0.157"/>
  <testcase classname="com.ecom.tests.APITestingPageTest_UI" name="verifySubscriptionIconVisible" time="0.182"/>
  <testcase classname="com.ecom.tests.APITestingPageTest_UI" name="verifySubscriptionEmpty" time="0.547"/>
  <testcase classname="com.ecom.tests.APITestingPageTest_UI" name="verifySubscriptionInvalid" time="2.608"/>
  <testcase classname="com.ecom.tests.APITestingPageTest_UI" name="verifySubscriptionValid" time="0.507"/>
  <testcase classname="com.ecom.tests.APITestingPageTest_UI" name="verifySubscriptionUseralreadyExist" time="0.517">
    <failure type="java.lang.AssertionError" message="Subscription success message should NOT be displayed! expected [false] but found [true]">
      <![CDATA[java.lang.AssertionError: Subscription success message should NOT be displayed! expected [false] but found [true]
at com.ecom.tests.APITestingPageTest_UI.verifySubscriptionUseralreadyExist(APITestingPageTest_UI.java:393)
at java.base/java.util.ArrayList.forEach(ArrayList.java:1511)
... Removed 34 stack frames]]>
    </failure>
  </testcase> <!-- verifySubscriptionUseralreadyExist -->
  <testcase classname="com.ecom.tests.APITestingPageTest_UI" name="verifyScrollToTopButton" time="0.284"/>
  <testcase classname="com.ecom.tests.CartPageTest_Functional" name="TC_ECOM_Cart_001" time="0.853"/>
  <testcase classname="com.ecom.tests.CartPageTest_Functional" name="TC_ECOM_Cart_002" time="2.514"/>
  <testcase classname="com.ecom.tests.CartPageTest_Functional" name="TC_ECOM_Cart_003" time="0.993"/>
  <testcase classname="com.ecom.tests.CartPageTest_Functional" name="TC_ECOM_Cart_004" time="3.06"/>
  <testcase classname="com.ecom.tests.CartPageTest_Functional" name="TC_ECOM_Cart_005" time="3.954"/>
  <testcase classname="com.ecom.tests.CartPageTest_Functional" name="TC_ECOM_Cart_006" time="24.484"/>
  <testcase classname="com.ecom.tests.CartPageTest_Functional" name="TC_ECOM_Cart_007" time="5.738"/>
  <testcase classname="com.ecom.tests.CartPageTest_Functional" name="TC_ECOM_Cart_008" time="13.879">
    <failure type="java.lang.AssertionError" message="Expected condition failed: waiting for visibility of element located by By.name: name (tried for 10 second(s) with 500 milliseconds interval)
Build info: version: &amp;apos;4.35.0&amp;apos;, revision: &amp;apos;1c58e5028b&amp;apos;
System info: os.name: &amp;apos;Windows 10&amp;apos;, os.arch: &amp;apos;amd64&amp;apos;, os.version: &amp;apos;10.0&amp;apos;, java.version: &amp;apos;17.0.12&amp;apos;
Driver info: org.openqa.selenium.chrome.ChromeDriver
Capabilities {acceptInsecureCerts: false, browserName: chrome, browserVersion: 140.0.7339.128, chrome: {chromedriverVersion: 140.0.7339.82 (bc93617e21c3..., userDataDir: C:\Users\HP\AppData\Local\T...}, fedcm:accounts: true, goog:chromeOptions: {debuggerAddress: localhost:60914}, networkConnectionEnabled: false, pageLoadStrategy: normal, platformName: windows, proxy: Proxy(), se:cdp: ws://localhost:60914/devtoo..., se:cdpVersion: 140.0.7339.128, setWindowRect: true, strictFileInteractability: false, timeouts: {implicit: 0, pageLoad: 300000, script: 30000}, unhandledPromptBehavior: dismiss and notify, webauthn:extension:credBlob: true, webauthn:extension:largeBlob: true, webauthn:extension:minPinLength: true, webauthn:extension:prf: true, webauthn:virtualAuthenticators: true}
Session ID: bb5952f08a9e5226cb236b93e24b72a2">
      <![CDATA[java.lang.AssertionError: Expected condition failed: waiting for visibility of element located by By.name: name (tried for 10 second(s) with 500 milliseconds interval)
Build info: version: '4.35.0', revision: '1c58e5028b'
System info: os.name: 'Windows 10', os.arch: 'amd64', os.version: '10.0', java.version: '17.0.12'
Driver info: org.openqa.selenium.chrome.ChromeDriver
Capabilities {acceptInsecureCerts: false, browserName: chrome, browserVersion: 140.0.7339.128, chrome: {chromedriverVersion: 140.0.7339.82 (bc93617e21c3..., userDataDir: C:\Users\HP\AppData\Local\T...}, fedcm:accounts: true, goog:chromeOptions: {debuggerAddress: localhost:60914}, networkConnectionEnabled: false, pageLoadStrategy: normal, platformName: windows, proxy: Proxy(), se:cdp: ws://localhost:60914/devtoo..., se:cdpVersion: 140.0.7339.128, setWindowRect: true, strictFileInteractability: false, timeouts: {implicit: 0, pageLoad: 300000, script: 30000}, unhandledPromptBehavior: dismiss and notify, webauthn:extension:credBlob: true, webauthn:extension:largeBlob: true, webauthn:extension:minPinLength: true, webauthn:extension:prf: true, webauthn:virtualAuthenticators: true}
Session ID: bb5952f08a9e5226cb236b93e24b72a2
at com.ecom.tests.CartPageTest_Functional.handleFailure(CartPageTest_Functional.java:39)
at com.ecom.tests.CartPageTest_Functional.TC_ECOM_Cart_008(CartPageTest_Functional.java:367)
at java.base/java.util.ArrayList.forEach(ArrayList.java:1511)
... Removed 32 stack frames]]>
    </failure>
  </testcase> <!-- TC_ECOM_Cart_008 -->
  <testcase classname="com.ecom.tests.CartPageTest_Functional" name="TC_ECOM_Cart_009" time="1.591"/>
  <testcase classname="com.ecom.tests.CartPageTest_Functional" name="TC_ECOM_Cart_010" time="3.223"/>
  <testcase classname="com.ecom.tests.CartPageTest_Functional" name="TC_ECOM_Cart_011" time="2.874"/>
  <testcase classname="com.ecom.tests.CartPageTest_Functional" name="TC_ECOM_Cart_012" time="1.233"/>
  <testcase classname="com.ecom.tests.CartPageTest_UI" name="verifyLogoDisplayed" time="1.063"/>
  <testcase classname="com.ecom.tests.CartPageTest_UI" name="verifyProductsIconDisplayed" time="0.134"/>
  <testcase classname="com.ecom.tests.CartPageTest_UI" name="verifyTestCasesDisplayed" time="0.148"/>
  <testcase classname="com.ecom.tests.CartPageTest_UI" name="verifySignupLoginIconDisplayed" time="0.151"/>
  <testcase classname="com.ecom.tests.CartPageTest_UI" name="verifyVideoTutorialsIconDisplayed" time="0.152"/>
  <testcase classname="com.ecom.tests.CartPageTest_UI" name="verifyHomeIconDisplayed" time="0.133"/>
  <testcase classname="com.ecom.tests.CartPageTest_UI" name="verifyContactUsIconDisplayed" time="0.13"/>
  <testcase classname="com.ecom.tests.CartPageTest_UI" name="verifyApiTestingIconDisplayed" time="0.156"/>
  <testcase classname="com.ecom.tests.CartPageTest_UI" name="verifyShoppingCartBreadcrumb" time="0.118"/>
  <testcase classname="com.ecom.tests.CartPageTest_UI" name="verifyEmptyCartHereLink" time="0.125"/>
  <testcase classname="com.ecom.tests.CartPageTest_UI" name="verifyDeleteProductFromCart" time="4.094"/>
  <testcase classname="com.ecom.tests.CartPageTest_UI" name="verifyProceedtoCheckout" time="0.15"/>
  <testcase classname="com.ecom.tests.CartPageTest_UI" name="verifyProductDiaplaytoBuy" time="0.322"/>
  <testcase classname="com.ecom.tests.CartPageTest_UI" name="verifySubscriptionIconVisible" time="0.153"/>
  <testcase classname="com.ecom.tests.CartPageTest_UI" name="verifySubscriptionEmpty" time="0.573"/>
  <testcase classname="com.ecom.tests.CartPageTest_UI" name="verifySubscriptionInvalid" time="2.711"/>
  <testcase classname="com.ecom.tests.CartPageTest_UI" name="verifySubscriptionValid" time="0.524"/>
  <testcase classname="com.ecom.tests.CartPageTest_UI" name="verifySubscriptionUseralreadyExist" time="0.679">
    <failure type="java.lang.AssertionError" message="Subscription success message should NOT be displayed! expected [false] but found [true]">
      <![CDATA[java.lang.AssertionError: Subscription success message should NOT be displayed! expected [false] but found [true]
at com.ecom.tests.CartPageTest_UI.verifySubscriptionUseralreadyExist(CartPageTest_UI.java:281)
at java.base/java.util.ArrayList.forEach(ArrayList.java:1511)
... Removed 34 stack frames]]>
    </failure>
  </testcase> <!-- verifySubscriptionUseralreadyExist -->
  <testcase classname="com.ecom.tests.CartPageTest_UI" name="verifyScrollToTopButton" time="0.343"/>
  <testcase classname="com.ecom.tests.ContactUsPageTest_Functional" name="verifyBrowserLaunch" time="0.213"/>
  <testcase classname="com.ecom.tests.ContactUsPageTest_Functional" name="verifyContactUsIcon" time="1.944"/>
  <testcase classname="com.ecom.tests.ContactUsPageTest_Functional" name="enterName" time="0.366"/>
  <testcase classname="com.ecom.tests.ContactUsPageTest_Functional" name="enterSubject" time="0.403"/>
  <testcase classname="com.ecom.tests.ContactUsPageTest_Functional" name="enterMessage" time="0.425"/>
  <testcase classname="com.ecom.tests.ContactUsPageTest_Functional" name="uploadFile" time="0.25"/>
  <testcase classname="com.ecom.tests.ContactUsPageTest_Functional" name="verifyEmailEmpty" time="1.59"/>
  <testcase classname="com.ecom.tests.ContactUsPageTest_Functional" name="verifyEmailInvalid" time="2.245"/>
  <testcase classname="com.ecom.tests.ContactUsPageTest_Functional" name="enterEmail" time="0.519"/>
  <testcase classname="com.ecom.tests.ContactUsPageTest_Functional" name="submitForm" time="0.435"/>
  <testcase classname="com.ecom.tests.ContactUsPageTest_Functional" name="verifyNameInvalid" time="3.362">
    <failure type="java.lang.AssertionError" message="Success message should NOT be displayed and pop should rise as Invalid Name expected [false] but found [true]">
      <![CDATA[java.lang.AssertionError: Success message should NOT be displayed and pop should rise as Invalid Name expected [false] but found [true]
at com.ecom.tests.ContactUsPageTest_Functional.verifyNameInvalid(ContactUsPageTest_Functional.java:187)
at java.base/java.util.ArrayList.forEach(ArrayList.java:1511)
... Removed 34 stack frames]]>
    </failure>
  </testcase> <!-- verifyNameInvalid -->
  <testcase classname="com.ecom.tests.ContactUsPageTest_Functional" name="verifyNoFileAttach" time="2.186">
    <failure type="java.lang.AssertionError" message="Success message should NOT be displayed and pop should rise as Invalid Name expected [false] but found [true]">
      <![CDATA[java.lang.AssertionError: Success message should NOT be displayed and pop should rise as Invalid Name expected [false] but found [true]
at com.ecom.tests.ContactUsPageTest_Functional.verifyNoFileAttach(ContactUsPageTest_Functional.java:213)
at java.base/java.util.ArrayList.forEach(ArrayList.java:1511)
... Removed 34 stack frames]]>
    </failure>
  </testcase> <!-- verifyNoFileAttach -->
  <testcase classname="com.ecom.tests.ContactUsPageTest_Functional" name="verifySubscriptionIconVisible" time="0.202"/>
  <testcase classname="com.ecom.tests.ContactUsPageTest_Functional" name="verifySubscriptionInvalid" time="2.452"/>
  <testcase classname="com.ecom.tests.ContactUsPageTest_Functional" name="verifySubscriptionEmpty" time="1.359"/>
  <testcase classname="com.ecom.tests.ContactUsPageTest_Functional" name="verifySubscriptionValid" time="0.511"/>
  <testcase classname="com.ecom.tests.ContactUsPageTest_Functional" name="verifySubscriptionUseralreadyExist" time="0.515">
    <failure type="java.lang.AssertionError" message="Subscription success message is displayed instead of error for already registered email">
      <![CDATA[java.lang.AssertionError: Subscription success message is displayed instead of error for already registered email
at com.ecom.tests.ContactUsPageTest_Functional.verifySubscriptionUseralreadyExist(ContactUsPageTest_Functional.java:307)
at java.base/java.util.ArrayList.forEach(ArrayList.java:1511)
... Removed 32 stack frames]]>
    </failure>
  </testcase> <!-- verifySubscriptionUseralreadyExist -->
  <testcase classname="com.ecom.tests.ContactUsPageTest_Functional" name="verifyScrollToTopButton" time="0.263"/>
  <testcase classname="com.ecom.tests.ContactUsPageTest_Functional" name="verifyNavigationBackToHome" time="0.293"/>
  <testcase classname="com.ecom.tests.login_functionality_tests" name="Tc_Ecom_Login_01_verifyUrlLaunch" time="1.771"/>
  <testcase classname="com.ecom.tests.login_functionality_tests" name="Tc_Ecom_Login_02_verifyHomePageDisplayed" time="0.044"/>
  <testcase classname="com.ecom.tests.login_functionality_tests" name="Tc_Ecom_Login_03_navigateToLoginSignupPage" time="1.524"/>
  <testcase classname="com.ecom.tests.login_functionality_tests" name="Tc_Ecom_Login_04_verifyLoginToYourAccountText" time="1.066"/>
  <testcase classname="com.ecom.tests.login_functionality_tests" name="Tc_Ecom_Login_05_validCredentialsEntry" time="1.865"/>
  <testcase classname="com.ecom.tests.login_functionality_tests" name="Tc_Ecom_Login_06_invalidLogin" time="11.455"/>
  <testcase classname="com.ecom.tests.login_functionality_tests" name="Tc_Ecom_Login_07_validEmailInvalidPassword" time="2.791"/>
  <testcase classname="com.ecom.tests.login_functionality_tests" name="Tc_Ecom_Login_08_invalidEmailValidPassword" time="2.335"/>
  <testcase classname="com.ecom.tests.login_functionality_tests" name="Tc_Ecom_Login_9_blankEmailAndPassword" time="13.89"/>
  <testcase classname="com.ecom.tests.ProductPageTest_Functional" name="verifyBrowserLaunch" time="15.597"/>
  <testcase classname="com.ecom.tests.ProductPageTest_Functional" name="verifyContactUsIcon" time="3.059"/>
  <testcase classname="com.ecom.tests.ProductPageTest_Functional" name="verifyAllProductSection" time="0.225"/>
  <testcase classname="com.ecom.tests.ProductPageTest_Functional" name="verifyAddToCart" time="2.615"/>
  <testcase classname="com.ecom.tests.ProductPageTest_Functional" name="verifyViewProductButton" time="1.177"/>
  <testcase classname="com.ecom.tests.ProductPageTest_Functional" name="verifyProductDetail" time="0.197"/>
  <testcase classname="com.ecom.tests.ProductPageTest_Functional" name="verifyProductName" time="0.215"/>
  <testcase classname="com.ecom.tests.ProductPageTest_Functional" name="verifyProductCategory" time="0.201"/>
  <testcase classname="com.ecom.tests.ProductPageTest_Functional" name="verifyProductPrice" time="0.186"/>
  <testcase classname="com.ecom.tests.ProductPageTest_Functional" name="verifyProductAvailability" time="0.174"/>
  <testcase classname="com.ecom.tests.ProductPageTest_Functional" name="verifyProductCondition" time="0.156"/>
  <testcase classname="com.ecom.tests.ProductPageTest_Functional" name="verifyProductBrand" time="0.143"/>
  <testcase classname="com.ecom.tests.ProductPageTest_Functional" name="verifyWriteYourReview" time="0.679"/>
  <testcase classname="com.ecom.tests.ProductPageTest_Functional" name="verifyProductSearch" time="4.078"/>
  <testcase classname="com.ecom.tests.ProductPageTest_Functional" name="verifySearchProductsSection" time="0.282"/>
  <testcase classname="com.ecom.tests.ProductPageTest_Functional" name="verifySubscriptionIconVisible" time="0.214"/>
  <testcase classname="com.ecom.tests.ProductPageTest_Functional" name="verifySubscriptionEmpty" time="0.681"/>
  <testcase classname="com.ecom.tests.ProductPageTest_Functional" name="verifySubscriptionInvalid" time="2.576"/>
  <testcase classname="com.ecom.tests.ProductPageTest_Functional" name="verifySubscriptionValid" time="0.505"/>
  <testcase classname="com.ecom.tests.ProductPageTest_Functional" name="verifySubscriptionUseralreadyExist" time="0.417">
    <failure type="java.lang.AssertionError" message="Subscription success message should NOT be displayed! expected [false] but found [true]">
      <![CDATA[java.lang.AssertionError: Subscription success message should NOT be displayed! expected [false] but found [true]
at com.ecom.tests.ProductPageTest_Functional.verifySubscriptionUseralreadyExist(ProductPageTest_Functional.java:324)
at java.base/java.util.ArrayList.forEach(ArrayList.java:1511)
... Removed 34 stack frames]]>
    </failure>
  </testcase> <!-- verifySubscriptionUseralreadyExist -->
  <testcase classname="com.ecom.tests.ProductPageTest_Functional" name="verifyScrollToTopButton" time="0.291"/>
  <testcase classname="com.ecom.tests.RegisterPageTest_Functional" name="verifyBrowserLaunch" time="0.29"/>
  <testcase classname="com.ecom.tests.RegisterPageTest_Functional" name="verifyHomePageVisibility" time="0.413"/>
  <testcase classname="com.ecom.tests.RegisterPageTest_Functional" name="verifySignupLoginButtonAvailability" time="1.172"/>
  <testcase classname="com.ecom.tests.RegisterPageTest_Functional" name="verifySignupLoginNavigation" time="0.13"/>
  <testcase classname="com.ecom.tests.RegisterPageTest_Functional" name="verifyNewUserSignupSectionVisibility" time="0.178"/>
  <testcase classname="com.ecom.tests.RegisterPageTest_Functional" name="verifyExistSignup" time="2.182"/>
  <testcase classname="com.ecom.tests.RegisterPageTest_Functional" name="verifyInvalidName" time="2.369">
    <failure type="java.lang.AssertionError" message="Navigation to Create Account should NOT happen with invalid name">
      <![CDATA[java.lang.AssertionError: Navigation to Create Account should NOT happen with invalid name
at com.ecom.tests.RegisterPageTest_Functional.verifyInvalidName(RegisterPageTest_Functional.java:106)
at java.base/java.util.ArrayList.forEach(ArrayList.java:1511)
... Removed 32 stack frames]]>
    </failure>
  </testcase> <!-- verifyInvalidName -->
  <testcase classname="com.ecom.tests.RegisterPageTest_Functional" name="verifyInvalidEmail" time="2.782"/>
  <testcase classname="com.ecom.tests.RegisterPageTest_Functional" name="verifySignup" time="2.573"/>
  <testcase classname="com.ecom.tests.RegisterPageTest_Functional" name="verifySignuptoCreateAccount" time="0.154"/>
  <testcase classname="com.ecom.tests.RegisterPageTest_Functional" name="selectTitleTest" time="0.31"/>
  <testcase classname="com.ecom.tests.RegisterPageTest_Functional" name="enterPasswordTest" time="0.371"/>
  <testcase classname="com.ecom.tests.RegisterPageTest_Functional" name="selectDateOfBirthTest" time="0.654"/>
  <testcase classname="com.ecom.tests.RegisterPageTest_Functional" name="selectNewsletterTest" time="0.335"/>
  <testcase classname="com.ecom.tests.RegisterPageTest_Functional" name="verifySpecialOffersCheckbox" time="0.287"/>
  <testcase classname="com.ecom.tests.RegisterPageTest_Functional" name="verifyAddressHeading" time="0.169"/>
  <testcase classname="com.ecom.tests.RegisterPageTest_Functional" name="enterFirstName" time="0.271"/>
  <testcase classname="com.ecom.tests.RegisterPageTest_Functional" name="enterLastName" time="0.287"/>
  <testcase classname="com.ecom.tests.RegisterPageTest_Functional" name="enterCompany" time="0.285"/>
  <testcase classname="com.ecom.tests.RegisterPageTest_Functional" name="enterAddress1" time="0.317"/>
  <testcase classname="com.ecom.tests.RegisterPageTest_Functional" name="enterAddress2" time="0.341"/>
  <testcase classname="com.ecom.tests.RegisterPageTest_Functional" name="selectCountry" time="0.283"/>
  <testcase classname="com.ecom.tests.RegisterPageTest_Functional" name="enterState" time="0.337"/>
  <testcase classname="com.ecom.tests.RegisterPageTest_Functional" name="enterCity" time="0.356"/>
  <testcase classname="com.ecom.tests.RegisterPageTest_Functional" name="enterZipcode" time="0.283"/>
  <testcase classname="com.ecom.tests.RegisterPageTest_Functional" name="enterMobile" time="0.343"/>
  <testcase classname="com.ecom.tests.RegisterPageTest_Functional" name="clickCreateAccountButton" time="2.325"/>
  <testcase classname="com.ecom.tests.RegisterPageTest_Functional" name="verifyAccountCreatedMessage" time="0.313"/>
  <testcase classname="com.ecom.tests.RegisterPageTest_Functional" name="verifyLoggedInAsUsername" time="3.052"/>
  <testcase classname="com.ecom.tests.RegisterPageTest_Functional" name="clickDeleteAccount" time="1.583"/>
  <testcase classname="com.ecom.tests.RegisterPageTest_Functional" name="verifyAccountDeletedMessage" time="0.158"/>
  <testcase classname="com.ecom.tests.RegisterPageTest_Functional" name="clickContinueAfterAccountDeleted" time="2.16"/>
  <testcase classname="com.ecom.tests.SubscriptionHomePageTest_Functional" name="verifySubscriptionIconVisible" time="2.217"/>
  <testcase classname="com.ecom.tests.SubscriptionHomePageTest_Functional" name="verifySubscriptionEmpty" time="0.593"/>
  <testcase classname="com.ecom.tests.SubscriptionHomePageTest_Functional" name="verifySubscriptionInvalid" time="2.638"/>
  <testcase classname="com.ecom.tests.SubscriptionHomePageTest_Functional" name="verifySubscriptionValid" time="0.548"/>
  <testcase classname="com.ecom.tests.SubscriptionHomePageTest_Functional" name="verifySubscriptionUseralreadyExist" time="0.515">
    <failure type="java.lang.AssertionError" message="Subscription success message should NOT be displayed! expected [false] but found [true]">
      <![CDATA[java.lang.AssertionError: Subscription success message should NOT be displayed! expected [false] but found [true]
at com.ecom.tests.SubscriptionHomePageTest_Functional.verifySubscriptionUseralreadyExist(SubscriptionHomePageTest_Functional.java:127)
at java.base/java.util.ArrayList.forEach(ArrayList.java:1511)
... Removed 34 stack frames]]>
    </failure>
  </testcase> <!-- verifySubscriptionUseralreadyExist -->
  <testcase classname="com.ecom.tests.TestCasesPageTest_Functional" name="verifyBrowserLaunch" time="0.236"/>
  <testcase classname="com.ecom.tests.TestCasesPageTest_Functional" name="verifyURLLoad" time="3.725"/>
  <testcase classname="com.ecom.tests.TestCasesPageTest_Functional" name="verifyHomePageVisibility" time="0.301"/>
  <testcase classname="com.ecom.tests.TestCasesPageTest_Functional" name="verifyTestCasesButtonAvailability" time="0.301"/>
  <testcase classname="com.ecom.tests.TestCasesPageTest_Functional" name="verifyNavigationToTestCasesPage" time="1.326"/>
  <testcase classname="com.ecom.tests.TestCasesPageTest_Functional" name="verifyTestCasesPageTitle" time="0.182"/>
  <testcase classname="com.ecom.tests.TestCasesPageTest_Functional" name="verifyTestCasesPageContent" time="0.171"/>
  <testcase classname="com.ecom.tests.TestCasesPageTest_Functional" name="verifyDetailedStepsVisibility" time="0.519"/>
  <testcase classname="com.ecom.tests.TestCasesPageTest_Functional" name="verifyFeedbackSectionPresence" time="0.221"/>
  <testcase classname="com.ecom.tests.TestCasesPageTest_Functional" name="verifyHyperlinksPresence" time="0.17"/>
  <testcase classname="com.ecom.tests.TestCasesPageTest_Functional" name="verifyFeedbackEmailPresence" time="0.196"/>
  <testcase classname="com.ecom.tests.TestCasesPageTest_Functional" name="verifyScrollBarFunctionality" time="0.159"/>
  <testcase classname="com.ecom.tests.TestCasesPageTest_Functional" name="verifyScrollToTopArrowFunctionality" time="0.303"/>
  <testcase classname="com.ecom.tests.TestCasesPageTest_Functional" name="verifySubscriptionWithEmptyEmail" time="10.898"/>
  <testcase classname="com.ecom.tests.TestCasesPageTest_Functional" name="verifySubscriptionInvalid" time="2.581"/>
  <testcase classname="com.ecom.tests.TestCasesPageTest_Functional" name="verifySubscriptionWithValidEmail" time="0.491"/>
  <testcase classname="com.ecom.tests.TestCasesPageTest_UI" name="verifyLogoDisplayed" time="1.138"/>
  <testcase classname="com.ecom.tests.TestCasesPageTest_UI" name="verifyProductsIconDisplayed" time="0.204"/>
  <testcase classname="com.ecom.tests.TestCasesPageTest_UI" name="verifyCartIconDisplayed" time="0.255"/>
  <testcase classname="com.ecom.tests.TestCasesPageTest_UI" name="verifySignupLoginIconDisplayed" time="0.165"/>
  <testcase classname="com.ecom.tests.TestCasesPageTest_UI" name="verifyVideoTutorialsIconDisplayed" time="0.175"/>
  <testcase classname="com.ecom.tests.TestCasesPageTest_UI" name="verifyHomeIconDisplayed" time="0.147"/>
  <testcase classname="com.ecom.tests.TestCasesPageTest_UI" name="verifyContactUsIconDisplayed" time="0.14"/>
  <testcase classname="com.ecom.tests.TestCasesPageTest_UI" name="verifyApiTestingIconDisplayed" time="0.136"/>
  <testcase classname="com.ecom.tests.TestCasesPageTest_UI" name="verifyTestCasesSectionDisplayed" time="0.134"/>
  <testcase classname="com.ecom.tests.TestCasesPageTest_UI" name="verifyTestCase1LinkDisplayed" time="0.503"/>
  <testcase classname="com.ecom.tests.TestCasesPageTest_UI" name="verifyTestCase2LinkDisplayed" time="0.511"/>
  <testcase classname="com.ecom.tests.TestCasesPageTest_UI" name="verifyTestCase3LinkDisplayed" time="0.509"/>
  <testcase classname="com.ecom.tests.TestCasesPageTest_UI" name="verifyTestCase4LinkDisplayed" time="0.472"/>
  <testcase classname="com.ecom.tests.TestCasesPageTest_UI" name="verifyTestCase5LinkDisplayed" time="0.494"/>
  <testcase classname="com.ecom.tests.TestCasesPageTest_UI" name="verifyTestCase6LinkDisplayed" time="0.493"/>
  <testcase classname="com.ecom.tests.TestCasesPageTest_UI" name="verifyTestCase7LinkDisplayed" time="0.488"/>
  <testcase classname="com.ecom.tests.TestCasesPageTest_UI" name="verifyTestCase8LinkDisplayed" time="0.498"/>
  <testcase classname="com.ecom.tests.TestCasesPageTest_UI" name="verifyTestCase9LinkDisplayed" time="0.511"/>
  <testcase classname="com.ecom.tests.TestCasesPageTest_UI" name="verifyTestCase10LinkDisplayed" time="0.767"/>
  <testcase classname="com.ecom.tests.TestCasesPageTest_UI" name="verifyTestCase11LinkDisplayed" time="0.699"/>
  <testcase classname="com.ecom.tests.TestCasesPageTest_UI" name="verifyTestCase12LinkDisplayed" time="0.495"/>
  <testcase classname="com.ecom.tests.TestCasesPageTest_UI" name="verifyTestCase13LinkDisplayed" time="0.664"/>
  <testcase classname="com.ecom.tests.TestCasesPageTest_UI" name="verifyTestCase14LinkDisplayed" time="0.52"/>
  <testcase classname="com.ecom.tests.TestCasesPageTest_UI" name="verifyTestCase15LinkDisplayed" time="0.498"/>
  <testcase classname="com.ecom.tests.TestCasesPageTest_UI" name="verifyTestCase16LinkDisplayed" time="0.506"/>
  <testcase classname="com.ecom.tests.TestCasesPageTest_UI" name="verifyTestCase17LinkDisplayed" time="0.513"/>
  <testcase classname="com.ecom.tests.TestCasesPageTest_UI" name="verifyTestCase18LinkDisplayed" time="0.494"/>
  <testcase classname="com.ecom.tests.TestCasesPageTest_UI" name="verifyTestCase19LinkDisplayed" time="0.464"/>
  <testcase classname="com.ecom.tests.TestCasesPageTest_UI" name="verifyTestCase20LinkDisplayed" time="0.496"/>
  <testcase classname="com.ecom.tests.TestCasesPageTest_UI" name="verifyTestCase21LinkDisplayed" time="0.481"/>
  <testcase classname="com.ecom.tests.TestCasesPageTest_UI" name="verifyTestCase22LinkDisplayed" time="0.496"/>
  <testcase classname="com.ecom.tests.TestCasesPageTest_UI" name="verifyTestCase23LinkDisplayed" time="0.512"/>
  <testcase classname="com.ecom.tests.TestCasesPageTest_UI" name="verifyTestCase24LinkDisplayed" time="0.514"/>
  <testcase classname="com.ecom.tests.TestCasesPageTest_UI" name="verifyTestCase25LinkDisplayed" time="0.531"/>
  <testcase classname="com.ecom.tests.TestCasesPageTest_UI" name="verifyTestCase26LinkDisplayed" time="0.492"/>
  <testcase classname="com.ecom.tests.TestCasesPageTest_UI" name="verifyFeedbackSectionDisplayed" time="0.168"/>
  <testcase classname="com.ecom.tests.TestCasesPageTest_UI" name="verifyFeedbackEmailDisplayed" time="0.153"/>
  <testcase classname="com.ecom.tests.TestCasesPageTest_UI" name="verifySubscriptionIconVisible" time="0.164"/>
  <testcase classname="com.ecom.tests.TestCasesPageTest_UI" name="verifySubscriptionEmpty" time="0.551"/>
  <testcase classname="com.ecom.tests.TestCasesPageTest_UI" name="verifySubscriptionInvalid" time="2.57"/>
  <testcase classname="com.ecom.tests.TestCasesPageTest_UI" name="verifySubscriptionValid" time="0.511"/>
  <testcase classname="com.ecom.tests.TestCasesPageTest_UI" name="verifySubscriptionUseralreadyExist" time="0.462">
    <failure type="java.lang.AssertionError" message="Subscription success message should NOT be displayed! expected [false] but found [true]">
      <![CDATA[java.lang.AssertionError: Subscription success message should NOT be displayed! expected [false] but found [true]
at com.ecom.tests.TestCasesPageTest_UI.verifySubscriptionUseralreadyExist(TestCasesPageTest_UI.java:524)
at java.base/java.util.ArrayList.forEach(ArrayList.java:1511)
... Removed 34 stack frames]]>
    </failure>
  </testcase> <!-- verifySubscriptionUseralreadyExist -->
  <testcase classname="com.ecom.tests.TestCasesPageTest_UI" name="verifyScrollToTopButton" time="0.287"/>
  <testcase classname="com.ecom.tests.UI_contactus_test" name="TC_Contactus_001_verifyGetInTouchHeader" time="3.147"/>
  <testcase classname="com.ecom.tests.UI_contactus_test" name="TC_Contactus_002_verifyLogoDisplayed" time="0.792"/>
  <testcase classname="com.ecom.tests.UI_contactus_test" name="TC_Contactus_003_verifyGetInTouchEmailDisplayed" time="0.992"/>
  <testcase classname="com.ecom.tests.UI_contactus_test" name="TC_Contactus_004_verifyFormFieldsDisplayed" time="1.211"/>
  <testcase classname="com.ecom.tests.UI_contactus_test" name="TC_Contactus_005_verifyChooseFileAndSubmitDisplayed" time="0.723"/>
  <testcase classname="com.ecom.tests.UI_contactus_test" name="TC_Contactus_006_verifyHomeBtnDisplayed" time="1.006"/>
  <testcase classname="com.ecom.tests.UI_contactus_test" name="TC_Contactus_007_verifyTestCasesBtnDisplayed" time="0.991"/>
  <testcase classname="com.ecom.tests.UI_contactus_test" name="TC_Contactus_008_verifyApiTestingBtnDisplayed" time="1.315"/>
  <testcase classname="com.ecom.tests.UI_contactus_test" name="TC_Contact_009_verifyScrollBarWorking" time="0.758"/>
  <testcase classname="com.ecom.tests.UI_contactus_test" name="TC_Contact_010_verifyScrollToTopArrow" time="0.872"/>
  <testcase classname="com.ecom.tests.UI_contactus_test" name="TC_Contact_011_verifySubscriptionIconDisplayed" time="0.867"/>
  <testcase classname="com.ecom.tests.UI_contactus_test" name="TC_Contact_012_verifySubscriptionWithInvalidEmail" time="1.4"/>
  <testcase classname="com.ecom.tests.UI_contactus_test" name="TC_Contact_013_verifySubscriptionWithEmptyEmail" time="1.128"/>
  <testcase classname="com.ecom.tests.UI_contactus_test" name="TC_Contact_014_verifyGetInTouchHeader" time="0.756"/>
  <testcase classname="com.ecom.tests.UI_contactus_test" name="TC_Contact_015_verifyNameFieldDisplayed" time="0.896"/>
  <testcase classname="com.ecom.tests.UI_contactus_test" name="TC_Contact_016_verifyEmailFieldDisplayed" time="0.967"/>
  <testcase classname="com.ecom.tests.UI_contactus_test" name="TC_Contact_017_verifySubjectFieldDisplayed" time="0.881"/>
  <testcase classname="com.ecom.tests.UI_contactus_test" name="TC_Contact_018_verifyMessageFieldDisplayed" time="0.85"/>
  <testcase classname="com.ecom.tests.UI_contactus_test" name="TC_Contact_019_verifyNameFieldWithValidData" time="1.125"/>
  <testcase classname="com.ecom.tests.UI_contactus_test" name="TC_Contact_020_verifyEmailFieldWithValidData" time="1.074"/>
  <testcase classname="com.ecom.tests.UI_contactus_test" name="TC_Contact_021_verifyEmailFieldEmpty" time="1.163"/>
  <testcase classname="com.ecom.tests.UI_contactus_test" name="TC_Contact_022_verifySubjectFieldWithData" time="1.082"/>
  <testcase classname="com.ecom.tests.UI_contactus_test" name="TC_Contact_023_verifyMessageFieldWithData" time="1.156"/>
  <testcase classname="com.ecom.tests.UI_contactus_test" name="TC_Contact_024_verifyChooseFileButton" time="0.7"/>
  <testcase classname="com.ecom.tests.UI_contactus_test" name="TC_Contact_025_verifySubmitButton" time="0.889"/>
  <testcase classname="com.ecom.tests.UI_contactus_test" name="TC_Contact_026_verifyContactUsSectionVisible" time="1.016"/>
  <testcase classname="com.ecom.tests.UI_HomePageTest" name="verifyAutomationEngineerLogoIsVisible" time="2.104"/>
  <testcase classname="com.ecom.tests.UI_HomePageTest" name="verifyProductsButtonIsVisibleAndNavigates" time="4.005"/>
  <testcase classname="com.ecom.tests.UI_HomePageTest" name="verifyCartButtonIsVisibleAndNavigates" time="2.871"/>
  <testcase classname="com.ecom.tests.UI_HomePageTest" name="verifySignupLoginButtonIsVisibleAndNavigates" time="3.15"/>
  <testcase classname="com.ecom.tests.UI_HomePageTest" name="verifyContactUsButtonIsVisibleAndNavigates" time="3.858"/>
  <testcase classname="com.ecom.tests.UI_HomePageTest" name="verifyTestCasesButtonIsVisibleAndNavigates" time="3.81"/>
  <testcase classname="com.ecom.tests.UI_HomePageTest" name="verifyApiTestingButtonIsVisibleAndNavigates" time="3.135"/>
  <testcase classname="com.ecom.tests.UI_HomePageTest" name="verifyVideoTutorialsButtonIsVisibleAndNavigatesAndReturns" time="11.504"/>
  <testcase classname="com.ecom.tests.UI_HomePageTest" name="verifyScrollBarFunctionalityOnHomePage" time="2.933"/>
  <testcase classname="com.ecom.tests.UI_HomePageTest" name="verifyScrollToTopArrowFunctionality" time="5.98"/>
  <testcase classname="com.ecom.tests.UI_HomePageTest" name="verifySubscriptionIconIsVisibleOnHomePage" time="4.159"/>
  <testcase classname="com.ecom.tests.UI_HomePageTest" name="verifySubscriptionScenarios" time="3.095"/>
  <testcase classname="com.ecom.tests.UI_HomePageTest" name="verifySubscriptionScenarios" time="2.738"/>
  <testcase classname="com.ecom.tests.UI_HomePageTest" name="verifySubscriptionScenarios" time="2.669"/>
  <testcase classname="com.ecom.tests.UI_HomePageTest" name="verifySubscriptionScenarios" time="2.459"/>
  <testcase classname="com.ecom.tests.UI_HomePageTest" name="verifyViewProductButtonIsVisible" time="1.868"/>
  <testcase classname="com.ecom.tests.UI_HomePageTest" name="verifyBrandsSectionIsVisible" time="2.219"/>
  <testcase classname="com.ecom.tests.UI_HomePageTest" name="verifyCategorySectionIsVisible" time="1.916"/>
  <testcase classname="com.ecom.tests.UI_HomePageTest" name="verifyFeaturedItemsSectionIsVisible" time="1.86"/>
  <testcase classname="com.ecom.tests.UI_HomePageTest" name="verifyRecommendedItemsSectionIsVisible" time="1.984"/>
  <testcase classname="com.ecom.tests.UI_HomePageTest" name="verifyCarouselIndicatorDotIsVisibleAndWorking" time="2.007"/>
  <testcase classname="com.ecom.tests.UI_LoginPageTest" name="verifyLogoImagePresence" time="2.795"/>
  <testcase classname="com.ecom.tests.UI_LoginPageTest" name="verifySignupButtonPresence" time="1.025"/>
  <testcase classname="com.ecom.tests.UI_LoginPageTest" name="verifySignupWithValidData" time="12.176"/>
  <testcase classname="com.ecom.tests.UI_LoginPageTest" name="verifySignupWithInvalidEmail" time="2.956"/>
  <testcase classname="com.ecom.tests.UI_LoginPageTest" name="verifySignupEdgeCases" time="11.646"/>
  <testcase classname="com.ecom.tests.UI_LoginPageTest" name="verifySignupEdgeCases" time="12.161"/>
  <testcase classname="com.ecom.tests.UI_LoginPageTest" name="verifySignupEdgeCases" time="12.037"/>
  <testcase classname="com.ecom.tests.UI_LoginPageTest" name="verifyLoginButtonIsVisibleOnSignupLoginPage" time="21.351"/>
  <testcase classname="com.ecom.tests.UI_LoginPageTest" name="verifyLoginEdgeCases" time="23.102"/>
  <testcase classname="com.ecom.tests.UI_LoginPageTest" name="verifyLoginEdgeCases" time="22.711"/>
  <testcase classname="com.ecom.tests.UI_LoginPageTest" name="verifyLoginEdgeCases" time="23.27"/>
  <testcase classname="com.ecom.tests.UI_LoginPageTest" name="verifyLoginEdgeCases" time="32.101"/>
  <testcase classname="com.ecom.tests.UI_LoginPageTest" name="verifyLoginEdgeCases" time="32.29"/>
  <testcase classname="com.ecom.tests.UI_LoginPageTest" name="verifyLoginEdgeCases" time="46.895"/>
  <testcase classname="com.ecom.tests.UI_LoginPageTest" name="verifyValidLogin" time="17.459"/>
  <testcase classname="com.ecom.tests.UI_LoginPageTest" name="verifyScrollBarFunctionalityOnSignupLoginPage" time="11.731"/>
  <testcase classname="com.ecom.tests.UI_LoginPageTest" name="verifyScrollToTopArrowFunctionalityOnSignupLoginPage" time="13.571"/>
  <testcase classname="com.ecom.tests.UI_LoginPageTest" name="verifySubscriptionIconIsVisibleOnSignupLoginPage" time="11.558"/>
  <testcase classname="com.ecom.tests.UI_LoginPageTest" name="verifySignupLoginPageLabels" time="11.704"/>
  <testcase classname="com.ecom.tests.UI_LoginPageTest" name="verifyNavigationIconsOnSignupLoginPage" time="11.841"/>
  <testcase classname="com.ecom.tests.UI_ProductPageTest" name="verifyLogoDisplayed" time="2.014"/>
  <testcase classname="com.ecom.tests.UI_ProductPageTest" name="verifyCartIconDisplayed" time="0.269"/>
  <testcase classname="com.ecom.tests.UI_ProductPageTest" name="verifyTestCasesDisplayed" time="0.186"/>
  <testcase classname="com.ecom.tests.UI_ProductPageTest" name="verifySignupLoginIconDisplayed" time="0.185"/>
  <testcase classname="com.ecom.tests.UI_ProductPageTest" name="verifyVideoTutorialsIconDisplayed" time="0.156"/>
  <testcase classname="com.ecom.tests.UI_ProductPageTest" name="verifyHomeIconDisplayed" time="0.154"/>
  <testcase classname="com.ecom.tests.UI_ProductPageTest" name="verifyContactUsIconDisplayed" time="0.139"/>
  <testcase classname="com.ecom.tests.UI_ProductPageTest" name="verifyApiTestingIconDisplayed" time="0.156"/>
  <testcase classname="com.ecom.tests.UI_ProductPageTest" name="verifyPromotionalBannerDisplayed" time="0.164"/>
  <testcase classname="com.ecom.tests.UI_ProductPageTest" name="verifyAllProductSection" time="0.265"/>
  <testcase classname="com.ecom.tests.UI_ProductPageTest" name="verifyAddProductIcon" time="0.277"/>
  <testcase classname="com.ecom.tests.UI_ProductPageTest" name="verifyViewProductIcon" time="0.298"/>
  <testcase classname="com.ecom.tests.UI_ProductPageTest" name="verifyCategorySection" time="0.255"/>
  <testcase classname="com.ecom.tests.UI_ProductPageTest" name="verifyBrandsSection" time="0.246"/>
  <testcase classname="com.ecom.tests.UI_ProductPageTest" name="verifyProductSearch" time="1.726"/>
  <testcase classname="com.ecom.tests.UI_ProductPageTest" name="verifySearchProductsSection" time="0.376"/>
  <testcase classname="com.ecom.tests.UI_ProductPageTest" name="verifyCategoryAndBrandNavigation" time="0.9"/>
  <testcase classname="com.ecom.tests.UI_ProductPageTest" name="verifySubscriptionIconVisible" time="0.218"/>
  <testcase classname="com.ecom.tests.UI_ProductPageTest" name="verifySubscriptionEmpty" time="0.694"/>
  <testcase classname="com.ecom.tests.UI_ProductPageTest" name="verifySubscriptionInvalid" time="2.967"/>
  <testcase classname="com.ecom.tests.UI_ProductPageTest" name="verifySubscriptionValid" time="0.704"/>
  <testcase classname="com.ecom.tests.UI_ProductPageTest" name="verifySubscriptionUseralreadyExist" time="0.466">
    <failure type="java.lang.AssertionError" message="Subscription success message should NOT be displayed! expected [false] but found [true]">
      <![CDATA[java.lang.AssertionError: Subscription success message should NOT be displayed! expected [false] but found [true]
at com.ecom.tests.UI_ProductPageTest.verifySubscriptionUseralreadyExist(UI_ProductPageTest.java:330)
at java.base/java.util.ArrayList.forEach(ArrayList.java:1511)
... Removed 34 stack frames]]>
    </failure>
  </testcase> <!-- verifySubscriptionUseralreadyExist -->
  <testcase classname="com.ecom.tests.UI_ProductPageTest" name="verifyScrollToTopButton" time="0.316"/>
  <testcase classname="com.ecom.Base.BaseTest" name="@AfterSuite endReport" time="0.0">
    <ignored/>
  </testcase> <!-- @AfterSuite endReport -->
  <testcase classname="com.ecom.Base.BaseTest" name="@AfterSuite endReport" time="0.0">
    <ignored/>
  </testcase> <!-- @AfterSuite endReport -->
  <testcase classname="com.ecom.Base.BaseTest" name="@BeforeSuite startReport" time="0.0">
    <ignored/>
  </testcase> <!-- @BeforeSuite startReport -->
  <testcase classname="com.ecom.Base.BaseTest" name="@AfterSuite endReport" time="0.0">
    <ignored/>
  </testcase> <!-- @AfterSuite endReport -->
  <testcase classname="com.ecom.Base.BaseTest" name="@BeforeSuite startReport" time="0.0">
    <ignored/>
  </testcase> <!-- @BeforeSuite startReport -->
  <testcase classname="com.ecom.Base.BaseTest" name="@AfterSuite endReport" time="0.0">
    <ignored/>
  </testcase> <!-- @AfterSuite endReport -->
  <testcase classname="com.ecom.Base.BaseTest" name="@BeforeSuite startReport" time="0.0">
    <ignored/>
  </testcase> <!-- @BeforeSuite startReport -->
  <testcase classname="com.ecom.Base.BaseTest" name="@AfterSuite endReport" time="0.0">
    <ignored/>
  </testcase> <!-- @AfterSuite endReport -->
  <testcase classname="com.ecom.Base.BaseTest" name="@AfterSuite endReport" time="0.0">
    <ignored/>
  </testcase> <!-- @AfterSuite endReport -->
  <testcase classname="com.ecom.Base.BaseTest" name="@BeforeSuite startReport" time="0.0">
    <ignored/>
  </testcase> <!-- @BeforeSuite startReport -->
  <testcase classname="com.ecom.Base.BaseTest" name="@AfterSuite endReport" time="0.0">
    <ignored/>
  </testcase> <!-- @AfterSuite endReport -->
  <testcase classname="com.ecom.Base.BaseTest" name="@BeforeSuite startReport" time="0.0">
    <ignored/>
  </testcase> <!-- @BeforeSuite startReport -->
  <testcase classname="com.ecom.Base.BaseTest" name="@BeforeSuite startReport" time="0.0">
    <ignored/>
  </testcase> <!-- @BeforeSuite startReport -->
  <testcase classname="com.ecom.Base.BaseTest" name="@AfterSuite endReport" time="0.0">
    <ignored/>
  </testcase> <!-- @AfterSuite endReport -->
  <testcase classname="com.ecom.Base.BaseTest" name="@AfterSuite endReport" time="0.0">
    <ignored/>
  </testcase> <!-- @AfterSuite endReport -->
  <testcase classname="com.ecom.Base.BaseTest" name="@BeforeSuite startReport" time="0.0">
    <ignored/>
  </testcase> <!-- @BeforeSuite startReport -->
  <testcase classname="com.ecom.Base.BaseTest" name="@BeforeSuite startReport" time="0.0">
    <ignored/>
  </testcase> <!-- @BeforeSuite startReport -->
  <testcase classname="com.ecom.Base.BaseTest" name="@BeforeSuite startReport" time="0.0">
    <ignored/>
  </testcase> <!-- @BeforeSuite startReport -->
  <testcase classname="com.ecom.Base.BaseTest" name="@AfterSuite endReport" time="0.0">
    <ignored/>
  </testcase> <!-- @AfterSuite endReport -->
  <testcase classname="com.ecom.Base.BaseTest" name="@AfterSuite endReport" time="0.0">
    <ignored/>
  </testcase> <!-- @AfterSuite endReport -->
  <testcase classname="com.ecom.Base.BaseTest" name="@AfterSuite endReport" time="0.0">
    <ignored/>
  </testcase> <!-- @AfterSuite endReport -->
  <testcase classname="com.ecom.Base.BaseTest" name="@BeforeSuite startReport" time="0.0">
    <ignored/>
  </testcase> <!-- @BeforeSuite startReport -->
  <testcase classname="com.ecom.Base.BaseTest" name="@BeforeSuite startReport" time="0.0">
    <ignored/>
  </testcase> <!-- @BeforeSuite startReport -->
  <testcase classname="com.ecom.Base.BaseTest" name="@AfterSuite endReport" time="0.0">
    <ignored/>
  </testcase> <!-- @AfterSuite endReport -->
  <testcase classname="com.ecom.Base.BaseTest" name="@BeforeSuite startReport" time="0.0">
    <ignored/>
  </testcase> <!-- @BeforeSuite startReport -->
  <testcase classname="com.ecom.Base.BaseTest" name="@BeforeSuite startReport" time="0.0">
    <ignored/>
  </testcase> <!-- @BeforeSuite startReport -->
</testsuite> <!-- UI and Functional Test -->
