<?xml version="1.0" encoding="UTF-8"?>
<!-- Generated by org.testng.reporters.JUnitReportReporter -->
<testsuite hostname="DESKTOP-RGL2CCS" failures="1" tests="19" name="com.ecom.tests.CartPageTest_UI" time="12.015" errors="0" timestamp="2025-09-15T14:26:25 IST" skipped="0">
  <testcase classname="com.ecom.tests.CartPageTest_UI" name="verifyLogoDisplayed" time="1.192"/>
  <testcase classname="com.ecom.tests.CartPageTest_UI" name="verifyProductsIconDisplayed" time="0.208"/>
  <testcase classname="com.ecom.tests.CartPageTest_UI" name="verifyTestCasesDisplayed" time="0.162"/>
  <testcase classname="com.ecom.tests.CartPageTest_UI" name="verifySignupLoginIconDisplayed" time="0.143"/>
  <testcase classname="com.ecom.tests.CartPageTest_UI" name="verifyVideoTutorialsIconDisplayed" time="0.161"/>
  <testcase classname="com.ecom.tests.CartPageTest_UI" name="verifyHomeIconDisplayed" time="0.167"/>
  <testcase classname="com.ecom.tests.CartPageTest_UI" name="verifyContactUsIconDisplayed" time="0.148"/>
  <testcase classname="com.ecom.tests.CartPageTest_UI" name="verifyApiTestingIconDisplayed" time="0.150"/>
  <testcase classname="com.ecom.tests.CartPageTest_UI" name="verifyShoppingCartBreadcrumb" time="0.166"/>
  <testcase classname="com.ecom.tests.CartPageTest_UI" name="verifyEmptyCartHereLink" time="0.145"/>
  <testcase classname="com.ecom.tests.CartPageTest_UI" name="verifyDeleteProductFromCart" time="3.825"/>
  <testcase classname="com.ecom.tests.CartPageTest_UI" name="verifyProceedtoCheckout" time="0.156"/>
  <testcase classname="com.ecom.tests.CartPageTest_UI" name="verifyProductDiaplaytoBuy" time="0.285"/>
  <testcase classname="com.ecom.tests.CartPageTest_UI" name="verifySubscriptionIconVisible" time="0.164"/>
  <testcase classname="com.ecom.tests.CartPageTest_UI" name="verifySubscriptionEmpty" time="0.520"/>
  <testcase classname="com.ecom.tests.CartPageTest_UI" name="verifySubscriptionInvalid" time="2.584"/>
  <testcase classname="com.ecom.tests.CartPageTest_UI" name="verifySubscriptionValid" time="0.565"/>
  <testcase classname="com.ecom.tests.CartPageTest_UI" name="verifySubscriptionUseralreadyExist" time="0.631">
    <failure message="Subscription success message should NOT be displayed! expected [false] but found [true]" type="java.lang.AssertionError">
      <![CDATA[java.lang.AssertionError: Subscription success message should NOT be displayed! expected [false] but found [true]
at org.testng.Assert.fail(Assert.java:111)
at org.testng.Assert.failNotEquals(Assert.java:1590)
at org.testng.Assert.assertFalse(Assert.java:79)
at com.ecom.tests.CartPageTest_UI.verifySubscriptionUseralreadyExist(CartPageTest_UI.java:281)
at java.base/jdk.internal.reflect.NativeMethodAccessorImpl.invoke0(Native Method)
at java.base/jdk.internal.reflect.NativeMethodAccessorImpl.invoke(NativeMethodAccessorImpl.java:77)
at java.base/jdk.internal.reflect.DelegatingMethodAccessorImpl.invoke(DelegatingMethodAccessorImpl.java:43)
at java.base/java.lang.reflect.Method.invoke(Method.java:568)
at org.testng.internal.invokers.MethodInvocationHelper.invokeMethod(MethodInvocationHelper.java:141)
at org.testng.internal.invokers.TestInvoker.invokeMethod(TestInvoker.java:687)
at org.testng.internal.invokers.TestInvoker.invokeTestMethod(TestInvoker.java:230)
at org.testng.internal.invokers.MethodRunner.runInSequence(MethodRunner.java:63)
at org.testng.internal.invokers.TestInvoker$MethodInvocationAgent.invoke(TestInvoker.java:995)
at org.testng.internal.invokers.TestInvoker.invokeTestMethods(TestInvoker.java:203)
at org.testng.internal.invokers.TestMethodWorker.invokeTestMethods(TestMethodWorker.java:154)
at org.testng.internal.invokers.TestMethodWorker.run(TestMethodWorker.java:134)
at java.base/java.util.ArrayList.forEach(ArrayList.java:1511)
at org.testng.TestRunner.privateRun(TestRunner.java:741)
at org.testng.TestRunner.run(TestRunner.java:616)
at org.testng.SuiteRunner.runTest(SuiteRunner.java:421)
at org.testng.SuiteRunner.runSequentially(SuiteRunner.java:413)
at org.testng.SuiteRunner.privateRun(SuiteRunner.java:373)
at org.testng.SuiteRunner.run(SuiteRunner.java:312)
at org.testng.SuiteRunnerWorker.runSuite(SuiteRunnerWorker.java:52)
at org.testng.SuiteRunnerWorker.run(SuiteRunnerWorker.java:95)
at org.testng.TestNG.runSuitesSequentially(TestNG.java:1274)
at org.testng.TestNG.runSuitesLocally(TestNG.java:1208)
at org.testng.TestNG.runSuites(TestNG.java:1112)
at org.testng.TestNG.run(TestNG.java:1079)
at org.testng.remote.AbstractRemoteTestNG.run(AbstractRemoteTestNG.java:115)
at org.testng.remote.RemoteTestNG.initAndRun(RemoteTestNG.java:293)
at org.testng.remote.RemoteTestNG.main(RemoteTestNG.java:91)
]]>
    </failure>
  </testcase> <!-- verifySubscriptionUseralreadyExist -->
  <testcase classname="com.ecom.tests.CartPageTest_UI" name="verifyScrollToTopButton" time="0.643"/>
</testsuite> <!-- com.ecom.tests.CartPageTest_UI -->
