<?xml version="1.0" encoding="UTF-8"?>
<!-- Generated by org.testng.reporters.JUnitReportReporter -->
<testsuite hostname="DESKTOP-RGL2CCS" failures="1" tests="43" name="com.ecom.tests.TestCasesPageTest_UI" time="27.767" errors="0" timestamp="2025-09-15T15:12:04 IST" skipped="0">
  <testcase classname="com.ecom.tests.TestCasesPageTest_UI" name="verifyLogoDisplayed" time="1.220"/>
  <testcase classname="com.ecom.tests.TestCasesPageTest_UI" name="verifyProductsIconDisplayed" time="0.160"/>
  <testcase classname="com.ecom.tests.TestCasesPageTest_UI" name="verifyCartIconDisplayed" time="0.203"/>
  <testcase classname="com.ecom.tests.TestCasesPageTest_UI" name="verifySignupLoginIconDisplayed" time="0.156"/>
  <testcase classname="com.ecom.tests.TestCasesPageTest_UI" name="verifyVideoTutorialsIconDisplayed" time="0.139"/>
  <testcase classname="com.ecom.tests.TestCasesPageTest_UI" name="verifyHomeIconDisplayed" time="0.162"/>
  <testcase classname="com.ecom.tests.TestCasesPageTest_UI" name="verifyContactUsIconDisplayed" time="0.183"/>
  <testcase classname="com.ecom.tests.TestCasesPageTest_UI" name="verifyApiTestingIconDisplayed" time="0.155"/>
  <testcase classname="com.ecom.tests.TestCasesPageTest_UI" name="verifyTestCasesSectionDisplayed" time="0.188"/>
  <testcase classname="com.ecom.tests.TestCasesPageTest_UI" name="verifyTestCase1LinkDisplayed" time="0.535"/>
  <testcase classname="com.ecom.tests.TestCasesPageTest_UI" name="verifyTestCase2LinkDisplayed" time="0.613"/>
  <testcase classname="com.ecom.tests.TestCasesPageTest_UI" name="verifyTestCase3LinkDisplayed" time="0.597"/>
  <testcase classname="com.ecom.tests.TestCasesPageTest_UI" name="verifyTestCase4LinkDisplayed" time="0.552"/>
  <testcase classname="com.ecom.tests.TestCasesPageTest_UI" name="verifyTestCase5LinkDisplayed" time="0.560"/>
  <testcase classname="com.ecom.tests.TestCasesPageTest_UI" name="verifyTestCase6LinkDisplayed" time="0.645"/>
  <testcase classname="com.ecom.tests.TestCasesPageTest_UI" name="verifyTestCase7LinkDisplayed" time="0.599"/>
  <testcase classname="com.ecom.tests.TestCasesPageTest_UI" name="verifyTestCase8LinkDisplayed" time="0.576"/>
  <testcase classname="com.ecom.tests.TestCasesPageTest_UI" name="verifyTestCase9LinkDisplayed" time="0.863"/>
  <testcase classname="com.ecom.tests.TestCasesPageTest_UI" name="verifyTestCase10LinkDisplayed" time="1.303"/>
  <testcase classname="com.ecom.tests.TestCasesPageTest_UI" name="verifyTestCase11LinkDisplayed" time="0.994"/>
  <testcase classname="com.ecom.tests.TestCasesPageTest_UI" name="verifyTestCase12LinkDisplayed" time="0.901"/>
  <testcase classname="com.ecom.tests.TestCasesPageTest_UI" name="verifyTestCase13LinkDisplayed" time="0.897"/>
  <testcase classname="com.ecom.tests.TestCasesPageTest_UI" name="verifyTestCase14LinkDisplayed" time="0.650"/>
  <testcase classname="com.ecom.tests.TestCasesPageTest_UI" name="verifyTestCase15LinkDisplayed" time="0.601"/>
  <testcase classname="com.ecom.tests.TestCasesPageTest_UI" name="verifyTestCase16LinkDisplayed" time="0.667"/>
  <testcase classname="com.ecom.tests.TestCasesPageTest_UI" name="verifyTestCase17LinkDisplayed" time="0.819"/>
  <testcase classname="com.ecom.tests.TestCasesPageTest_UI" name="verifyTestCase18LinkDisplayed" time="0.651"/>
  <testcase classname="com.ecom.tests.TestCasesPageTest_UI" name="verifyTestCase19LinkDisplayed" time="0.615"/>
  <testcase classname="com.ecom.tests.TestCasesPageTest_UI" name="verifyTestCase20LinkDisplayed" time="0.589"/>
  <testcase classname="com.ecom.tests.TestCasesPageTest_UI" name="verifyTestCase21LinkDisplayed" time="0.676"/>
  <testcase classname="com.ecom.tests.TestCasesPageTest_UI" name="verifyTestCase22LinkDisplayed" time="0.666"/>
  <testcase classname="com.ecom.tests.TestCasesPageTest_UI" name="verifyTestCase23LinkDisplayed" time="0.655"/>
  <testcase classname="com.ecom.tests.TestCasesPageTest_UI" name="verifyTestCase24LinkDisplayed" time="0.644"/>
  <testcase classname="com.ecom.tests.TestCasesPageTest_UI" name="verifyTestCase25LinkDisplayed" time="0.742"/>
  <testcase classname="com.ecom.tests.TestCasesPageTest_UI" name="verifyTestCase26LinkDisplayed" time="0.654"/>
  <testcase classname="com.ecom.tests.TestCasesPageTest_UI" name="verifyFeedbackSectionDisplayed" time="0.200"/>
  <testcase classname="com.ecom.tests.TestCasesPageTest_UI" name="verifyFeedbackEmailDisplayed" time="0.221"/>
  <testcase classname="com.ecom.tests.TestCasesPageTest_UI" name="verifySubscriptionIconVisible" time="0.274"/>
  <testcase classname="com.ecom.tests.TestCasesPageTest_UI" name="verifySubscriptionEmpty" time="0.827"/>
  <testcase classname="com.ecom.tests.TestCasesPageTest_UI" name="verifySubscriptionInvalid" time="3.120"/>
  <testcase classname="com.ecom.tests.TestCasesPageTest_UI" name="verifySubscriptionValid" time="0.762"/>
  <testcase classname="com.ecom.tests.TestCasesPageTest_UI" name="verifySubscriptionUseralreadyExist" time="0.901">
    <failure message="Subscription success message should NOT be displayed! expected [false] but found [true]" type="java.lang.AssertionError">
      <![CDATA[java.lang.AssertionError: Subscription success message should NOT be displayed! expected [false] but found [true]
at org.testng.Assert.fail(Assert.java:111)
at org.testng.Assert.failNotEquals(Assert.java:1590)
at org.testng.Assert.assertFalse(Assert.java:79)
at com.ecom.tests.TestCasesPageTest_UI.verifySubscriptionUseralreadyExist(TestCasesPageTest_UI.java:524)
at java.base/jdk.internal.reflect.NativeMethodAccessorImpl.invoke0(Native Method)
at java.base/jdk.internal.reflect.NativeMethodAccessorImpl.invoke(NativeMethodAccessorImpl.java:77)
at java.base/jdk.internal.reflect.DelegatingMethodAccessorImpl.invoke(DelegatingMethodAccessorImpl.java:43)
at java.base/java.lang.reflect.Method.invoke(Method.java:568)
at org.testng.internal.invokers.MethodInvocationHelper.invokeMethod(MethodInvocationHelper.java:141)
at org.testng.internal.invokers.TestInvoker.invokeMethod(TestInvoker.java:687)
at org.testng.internal.invokers.TestInvoker.invokeTestMethod(TestInvoker.java:230)
at org.testng.internal.invokers.MethodRunner.runInSequence(MethodRunner.java:63)
at org.testng.internal.invokers.TestInvoker$MethodInvocationAgent.invoke(TestInvoker.java:995)
at org.testng.internal.invokers.TestInvoker.invokeTestMethods(TestInvoker.java:203)
at org.testng.internal.invokers.TestMethodWorker.invokeTestMethods(TestMethodWorker.java:154)
at org.testng.internal.invokers.TestMethodWorker.run(TestMethodWorker.java:134)
at java.base/java.util.ArrayList.forEach(ArrayList.java:1511)
at org.testng.TestRunner.privateRun(TestRunner.java:741)
at org.testng.TestRunner.run(TestRunner.java:616)
at org.testng.SuiteRunner.runTest(SuiteRunner.java:421)
at org.testng.SuiteRunner.runSequentially(SuiteRunner.java:413)
at org.testng.SuiteRunner.privateRun(SuiteRunner.java:373)
at org.testng.SuiteRunner.run(SuiteRunner.java:312)
at org.testng.SuiteRunnerWorker.runSuite(SuiteRunnerWorker.java:52)
at org.testng.SuiteRunnerWorker.run(SuiteRunnerWorker.java:95)
at org.testng.TestNG.runSuitesSequentially(TestNG.java:1274)
at org.testng.TestNG.runSuitesLocally(TestNG.java:1208)
at org.testng.TestNG.runSuites(TestNG.java:1112)
at org.testng.TestNG.run(TestNG.java:1079)
at org.testng.remote.AbstractRemoteTestNG.run(AbstractRemoteTestNG.java:115)
at org.testng.remote.RemoteTestNG.initAndRun(RemoteTestNG.java:293)
at org.testng.remote.RemoteTestNG.main(RemoteTestNG.java:91)
]]>
    </failure>
  </testcase> <!-- verifySubscriptionUseralreadyExist -->
  <testcase classname="com.ecom.tests.TestCasesPageTest_UI" name="verifyScrollToTopButton" time="0.632"/>
</testsuite> <!-- com.ecom.tests.TestCasesPageTest_UI -->
