<?xml version="1.0" encoding="UTF-8"?>
<!-- Generated by org.testng.reporters.JUnitReportReporter -->
<testsuite hostname="DESKTOP-RGL2CCS" failures="1" tests="23" name="com.ecom.tests.UI_ProductPageTest" time="16.988" errors="0" timestamp="2025-09-15T15:02:40 IST" skipped="0">
  <testcase classname="com.ecom.tests.UI_ProductPageTest" name="verifyLogoDisplayed" time="2.067"/>
  <testcase classname="com.ecom.tests.UI_ProductPageTest" name="verifyCartIconDisplayed" time="0.205"/>
  <testcase classname="com.ecom.tests.UI_ProductPageTest" name="verifyTestCasesDisplayed" time="0.174"/>
  <testcase classname="com.ecom.tests.UI_ProductPageTest" name="verifySignupLoginIconDisplayed" time="0.176"/>
  <testcase classname="com.ecom.tests.UI_ProductPageTest" name="verifyVideoTutorialsIconDisplayed" time="0.178"/>
  <testcase classname="com.ecom.tests.UI_ProductPageTest" name="verifyHomeIconDisplayed" time="0.182"/>
  <testcase classname="com.ecom.tests.UI_ProductPageTest" name="verifyContactUsIconDisplayed" time="0.186"/>
  <testcase classname="com.ecom.tests.UI_ProductPageTest" name="verifyApiTestingIconDisplayed" time="0.153"/>
  <testcase classname="com.ecom.tests.UI_ProductPageTest" name="verifyPromotionalBannerDisplayed" time="0.188"/>
  <testcase classname="com.ecom.tests.UI_ProductPageTest" name="verifyAllProductSection" time="0.296"/>
  <testcase classname="com.ecom.tests.UI_ProductPageTest" name="verifyAddProductIcon" time="0.340"/>
  <testcase classname="com.ecom.tests.UI_ProductPageTest" name="verifyViewProductIcon" time="0.389"/>
  <testcase classname="com.ecom.tests.UI_ProductPageTest" name="verifyCategorySection" time="0.327"/>
  <testcase classname="com.ecom.tests.UI_ProductPageTest" name="verifyBrandsSection" time="0.341"/>
  <testcase classname="com.ecom.tests.UI_ProductPageTest" name="verifyProductSearch" time="3.029"/>
  <testcase classname="com.ecom.tests.UI_ProductPageTest" name="verifySearchProductsSection" time="1.111"/>
  <testcase classname="com.ecom.tests.UI_ProductPageTest" name="verifyCategoryAndBrandNavigation" time="0.983"/>
  <testcase classname="com.ecom.tests.UI_ProductPageTest" name="verifySubscriptionIconVisible" time="0.365"/>
  <testcase classname="com.ecom.tests.UI_ProductPageTest" name="verifySubscriptionEmpty" time="0.994"/>
  <testcase classname="com.ecom.tests.UI_ProductPageTest" name="verifySubscriptionInvalid" time="2.845"/>
  <testcase classname="com.ecom.tests.UI_ProductPageTest" name="verifySubscriptionValid" time="0.800"/>
  <testcase classname="com.ecom.tests.UI_ProductPageTest" name="verifySubscriptionUseralreadyExist" time="1.180">
    <failure message="Subscription success message should NOT be displayed! expected [false] but found [true]" type="java.lang.AssertionError">
      <![CDATA[java.lang.AssertionError: Subscription success message should NOT be displayed! expected [false] but found [true]
at org.testng.Assert.fail(Assert.java:111)
at org.testng.Assert.failNotEquals(Assert.java:1590)
at org.testng.Assert.assertFalse(Assert.java:79)
at com.ecom.tests.UI_ProductPageTest.verifySubscriptionUseralreadyExist(UI_ProductPageTest.java:330)
at java.base/jdk.internal.reflect.NativeMethodAccessorImpl.invoke0(Native Method)
at java.base/jdk.internal.reflect.NativeMethodAccessorImpl.invoke(NativeMethodAccessorImpl.java:77)
at java.base/jdk.internal.reflect.DelegatingMethodAccessorImpl.invoke(DelegatingMethodAccessorImpl.java:43)
at java.base/java.lang.reflect.Method.invoke(Method.java:568)
at org.testng.internal.invokers.MethodInvocationHelper.invokeMethod(MethodInvocationHelper.java:141)
at org.testng.internal.invokers.TestInvoker.invokeMethod(TestInvoker.java:687)
at org.testng.internal.invokers.TestInvoker.invokeTestMethod(TestInvoker.java:230)
at org.testng.internal.invokers.MethodRunner.runInSequence(MethodRunner.java:63)
at org.testng.internal.invokers.TestInvoker$MethodInvocationAgent.invoke(TestInvoker.java:995)
at org.testng.internal.invokers.TestInvoker.invokeTestMethods(TestInvoker.java:203)
at org.testng.internal.invokers.TestMethodWorker.invokeTestMethods(TestMethodWorker.java:154)
at org.testng.internal.invokers.TestMethodWorker.run(TestMethodWorker.java:134)
at java.base/java.util.ArrayList.forEach(ArrayList.java:1511)
at org.testng.TestRunner.privateRun(TestRunner.java:741)
at org.testng.TestRunner.run(TestRunner.java:616)
at org.testng.SuiteRunner.runTest(SuiteRunner.java:421)
at org.testng.SuiteRunner.runSequentially(SuiteRunner.java:413)
at org.testng.SuiteRunner.privateRun(SuiteRunner.java:373)
at org.testng.SuiteRunner.run(SuiteRunner.java:312)
at org.testng.SuiteRunnerWorker.runSuite(SuiteRunnerWorker.java:52)
at org.testng.SuiteRunnerWorker.run(SuiteRunnerWorker.java:95)
at org.testng.TestNG.runSuitesSequentially(TestNG.java:1274)
at org.testng.TestNG.runSuitesLocally(TestNG.java:1208)
at org.testng.TestNG.runSuites(TestNG.java:1112)
at org.testng.TestNG.run(TestNG.java:1079)
at org.testng.remote.AbstractRemoteTestNG.run(AbstractRemoteTestNG.java:115)
at org.testng.remote.RemoteTestNG.initAndRun(RemoteTestNG.java:293)
at org.testng.remote.RemoteTestNG.main(RemoteTestNG.java:91)
]]>
    </failure>
  </testcase> <!-- verifySubscriptionUseralreadyExist -->
  <testcase classname="com.ecom.tests.UI_ProductPageTest" name="verifyScrollToTopButton" time="0.479"/>
</testsuite> <!-- com.ecom.tests.UI_ProductPageTest -->
