<?xml version="1.0" encoding="UTF-8"?>
<!-- Generated by org.testng.reporters.JUnitReportReporter -->
<testsuite hostname="DESKTOP-RGL2CCS" failures="1" tests="32" name="com.ecom.tests.RegisterPageTest_Functional" time="27.088" errors="0" timestamp="2025-09-15T14:01:58 IST" skipped="0">
  <testcase classname="com.ecom.tests.RegisterPageTest_Functional" name="verifyBrowserLaunch" time="0.291"/>
  <testcase classname="com.ecom.tests.RegisterPageTest_Functional" name="verifyHomePageVisibility" time="0.414"/>
  <testcase classname="com.ecom.tests.RegisterPageTest_Functional" name="verifySignupLoginButtonAvailability" time="1.174"/>
  <testcase classname="com.ecom.tests.RegisterPageTest_Functional" name="verifySignupLoginNavigation" time="0.130"/>
  <testcase classname="com.ecom.tests.RegisterPageTest_Functional" name="verifyNewUserSignupSectionVisibility" time="0.182"/>
  <testcase classname="com.ecom.tests.RegisterPageTest_Functional" name="verifyExistSignup" time="2.182"/>
  <testcase classname="com.ecom.tests.RegisterPageTest_Functional" name="verifyInvalidName" time="2.369">
    <failure message="Navigation to Create Account should NOT happen with invalid name" type="java.lang.AssertionError">
      <![CDATA[java.lang.AssertionError: Navigation to Create Account should NOT happen with invalid name
at org.testng.Assert.fail(Assert.java:111)
at com.ecom.tests.RegisterPageTest_Functional.verifyInvalidName(RegisterPageTest_Functional.java:106)
at java.base/jdk.internal.reflect.NativeMethodAccessorImpl.invoke0(Native Method)
at java.base/jdk.internal.reflect.NativeMethodAccessorImpl.invoke(NativeMethodAccessorImpl.java:77)
at java.base/jdk.internal.reflect.DelegatingMethodAccessorImpl.invoke(DelegatingMethodAccessorImpl.java:43)
at java.base/java.lang.reflect.Method.invoke(Method.java:568)
at org.testng.internal.invokers.MethodInvocationHelper.invokeMethod(MethodInvocationHelper.java:141)
at org.testng.internal.invokers.TestInvoker.invokeMethod(TestInvoker.java:686)
at org.testng.internal.invokers.TestInvoker.invokeTestMethod(TestInvoker.java:230)
at org.testng.internal.invokers.MethodRunner.runInSequence(MethodRunner.java:63)
at org.testng.internal.invokers.TestInvoker$MethodInvocationAgent.invoke(TestInvoker.java:992)
at org.testng.internal.invokers.TestInvoker.invokeTestMethods(TestInvoker.java:203)
at org.testng.internal.invokers.TestMethodWorker.invokeTestMethods(TestMethodWorker.java:154)
at org.testng.internal.invokers.TestMethodWorker.run(TestMethodWorker.java:134)
at java.base/java.util.ArrayList.forEach(ArrayList.java:1511)
at org.testng.TestRunner.privateRun(TestRunner.java:739)
at org.testng.TestRunner.run(TestRunner.java:614)
at org.testng.SuiteRunner.runTest(SuiteRunner.java:421)
at org.testng.SuiteRunner.runSequentially(SuiteRunner.java:413)
at org.testng.SuiteRunner.privateRun(SuiteRunner.java:373)
at org.testng.SuiteRunner.run(SuiteRunner.java:312)
at org.testng.SuiteRunnerWorker.runSuite(SuiteRunnerWorker.java:52)
at org.testng.SuiteRunnerWorker.run(SuiteRunnerWorker.java:95)
at org.testng.TestNG.runSuitesSequentially(TestNG.java:1274)
at org.testng.TestNG.runSuitesLocally(TestNG.java:1208)
at org.testng.TestNG.runSuites(TestNG.java:1112)
at org.testng.TestNG.run(TestNG.java:1079)
at org.apache.maven.surefire.testng.TestNGExecutor.run(TestNGExecutor.java:308)
at org.apache.maven.surefire.testng.TestNGXmlTestSuite.execute(TestNGXmlTestSuite.java:71)
at org.apache.maven.surefire.testng.TestNGProvider.invoke(TestNGProvider.java:113)
at org.apache.maven.surefire.booter.ForkedBooter.runSuitesInProcess(ForkedBooter.java:385)
at org.apache.maven.surefire.booter.ForkedBooter.execute(ForkedBooter.java:162)
at org.apache.maven.surefire.booter.ForkedBooter.run(ForkedBooter.java:507)
at org.apache.maven.surefire.booter.ForkedBooter.main(ForkedBooter.java:495)
]]>
    </failure>
  </testcase> <!-- verifyInvalidName -->
  <testcase classname="com.ecom.tests.RegisterPageTest_Functional" name="verifyInvalidEmail" time="2.782"/>
  <testcase classname="com.ecom.tests.RegisterPageTest_Functional" name="verifySignup" time="2.574"/>
  <testcase classname="com.ecom.tests.RegisterPageTest_Functional" name="verifySignuptoCreateAccount" time="0.154"/>
  <testcase classname="com.ecom.tests.RegisterPageTest_Functional" name="selectTitleTest" time="0.310"/>
  <testcase classname="com.ecom.tests.RegisterPageTest_Functional" name="enterPasswordTest" time="0.371"/>
  <testcase classname="com.ecom.tests.RegisterPageTest_Functional" name="selectDateOfBirthTest" time="0.654"/>
  <testcase classname="com.ecom.tests.RegisterPageTest_Functional" name="selectNewsletterTest" time="0.338"/>
  <testcase classname="com.ecom.tests.RegisterPageTest_Functional" name="verifySpecialOffersCheckbox" time="0.287"/>
  <testcase classname="com.ecom.tests.RegisterPageTest_Functional" name="verifyAddressHeading" time="0.170"/>
  <testcase classname="com.ecom.tests.RegisterPageTest_Functional" name="enterFirstName" time="0.271"/>
  <testcase classname="com.ecom.tests.RegisterPageTest_Functional" name="enterLastName" time="0.287"/>
  <testcase classname="com.ecom.tests.RegisterPageTest_Functional" name="enterCompany" time="0.285"/>
  <testcase classname="com.ecom.tests.RegisterPageTest_Functional" name="enterAddress1" time="0.317"/>
  <testcase classname="com.ecom.tests.RegisterPageTest_Functional" name="enterAddress2" time="0.342"/>
  <testcase classname="com.ecom.tests.RegisterPageTest_Functional" name="selectCountry" time="0.283"/>
  <testcase classname="com.ecom.tests.RegisterPageTest_Functional" name="enterState" time="0.341"/>
  <testcase classname="com.ecom.tests.RegisterPageTest_Functional" name="enterCity" time="0.357"/>
  <testcase classname="com.ecom.tests.RegisterPageTest_Functional" name="enterZipcode" time="0.283"/>
  <testcase classname="com.ecom.tests.RegisterPageTest_Functional" name="enterMobile" time="0.344"/>
  <testcase classname="com.ecom.tests.RegisterPageTest_Functional" name="clickCreateAccountButton" time="2.326"/>
  <testcase classname="com.ecom.tests.RegisterPageTest_Functional" name="verifyAccountCreatedMessage" time="0.315"/>
  <testcase classname="com.ecom.tests.RegisterPageTest_Functional" name="verifyLoggedInAsUsername" time="3.052"/>
  <testcase classname="com.ecom.tests.RegisterPageTest_Functional" name="clickDeleteAccount" time="1.584"/>
  <testcase classname="com.ecom.tests.RegisterPageTest_Functional" name="verifyAccountDeletedMessage" time="0.158"/>
  <testcase classname="com.ecom.tests.RegisterPageTest_Functional" name="clickContinueAfterAccountDeleted" time="2.161"/>
</testsuite> <!-- com.ecom.tests.RegisterPageTest_Functional -->
