<?xml version="1.0" encoding="UTF-8"?>
<!-- Generated by org.testng.reporters.JUnitReportReporter -->
<testsuite hostname="DESKTOP-RGL2CCS" failures="1" tests="19" name="com.ecom.tests.CartPageTest_UI" time="11.870" errors="0" timestamp="2025-09-15T14:01:58 IST" skipped="0">
  <testcase classname="com.ecom.tests.CartPageTest_UI" name="verifyLogoDisplayed" time="1.063"/>
  <testcase classname="com.ecom.tests.CartPageTest_UI" name="verifyProductsIconDisplayed" time="0.135"/>
  <testcase classname="com.ecom.tests.CartPageTest_UI" name="verifyTestCasesDisplayed" time="0.149"/>
  <testcase classname="com.ecom.tests.CartPageTest_UI" name="verifySignupLoginIconDisplayed" time="0.151"/>
  <testcase classname="com.ecom.tests.CartPageTest_UI" name="verifyVideoTutorialsIconDisplayed" time="0.152"/>
  <testcase classname="com.ecom.tests.CartPageTest_UI" name="verifyHomeIconDisplayed" time="0.136"/>
  <testcase classname="com.ecom.tests.CartPageTest_UI" name="verifyContactUsIconDisplayed" time="0.130"/>
  <testcase classname="com.ecom.tests.CartPageTest_UI" name="verifyApiTestingIconDisplayed" time="0.156"/>
  <testcase classname="com.ecom.tests.CartPageTest_UI" name="verifyShoppingCartBreadcrumb" time="0.119"/>
  <testcase classname="com.ecom.tests.CartPageTest_UI" name="verifyEmptyCartHereLink" time="0.125"/>
  <testcase classname="com.ecom.tests.CartPageTest_UI" name="verifyDeleteProductFromCart" time="4.094"/>
  <testcase classname="com.ecom.tests.CartPageTest_UI" name="verifyProceedtoCheckout" time="0.151"/>
  <testcase classname="com.ecom.tests.CartPageTest_UI" name="verifyProductDiaplaytoBuy" time="0.322"/>
  <testcase classname="com.ecom.tests.CartPageTest_UI" name="verifySubscriptionIconVisible" time="0.153"/>
  <testcase classname="com.ecom.tests.CartPageTest_UI" name="verifySubscriptionEmpty" time="0.573"/>
  <testcase classname="com.ecom.tests.CartPageTest_UI" name="verifySubscriptionInvalid" time="2.712"/>
  <testcase classname="com.ecom.tests.CartPageTest_UI" name="verifySubscriptionValid" time="0.525"/>
  <testcase classname="com.ecom.tests.CartPageTest_UI" name="verifySubscriptionUseralreadyExist" time="0.680">
    <failure message="Subscription success message should NOT be displayed! expected [false] but found [true]" type="java.lang.AssertionError">
      <![CDATA[java.lang.AssertionError: Subscription success message should NOT be displayed! expected [false] but found [true]
at org.testng.Assert.fail(Assert.java:111)
at org.testng.Assert.failNotEquals(Assert.java:1578)
at org.testng.Assert.assertFalse(Assert.java:79)
at com.ecom.tests.CartPageTest_UI.verifySubscriptionUseralreadyExist(CartPageTest_UI.java:281)
at java.base/jdk.internal.reflect.NativeMethodAccessorImpl.invoke0(Native Method)
at java.base/jdk.internal.reflect.NativeMethodAccessorImpl.invoke(NativeMethodAccessorImpl.java:77)
at java.base/jdk.internal.reflect.DelegatingMethodAccessorImpl.invoke(DelegatingMethodAccessorImpl.java:43)
at java.base/java.lang.reflect.Method.invoke(Method.java:568)
at org.testng.internal.invokers.MethodInvocationHelper.invokeMethod(MethodInvocationHelper.java:141)
at org.testng.internal.invokers.TestInvoker.invokeMethod(TestInvoker.java:686)
at org.testng.internal.invokers.TestInvoker.invokeTestMethod(TestInvoker.java:230)
at org.testng.internal.invokers.MethodRunner.runInSequence(MethodRunner.java:63)
at org.testng.internal.invokers.TestInvoker$MethodInvocationAgent.invoke(TestInvoker.java:992)
at org.testng.internal.invokers.TestInvoker.invokeTestMethods(TestInvoker.java:203)
at org.testng.internal.invokers.TestMethodWorker.invokeTestMethods(TestMethodWorker.java:154)
at org.testng.internal.invokers.TestMethodWorker.run(TestMethodWorker.java:134)
at java.base/java.util.ArrayList.forEach(ArrayList.java:1511)
at org.testng.TestRunner.privateRun(TestRunner.java:739)
at org.testng.TestRunner.run(TestRunner.java:614)
at org.testng.SuiteRunner.runTest(SuiteRunner.java:421)
at org.testng.SuiteRunner.runSequentially(SuiteRunner.java:413)
at org.testng.SuiteRunner.privateRun(SuiteRunner.java:373)
at org.testng.SuiteRunner.run(SuiteRunner.java:312)
at org.testng.SuiteRunnerWorker.runSuite(SuiteRunnerWorker.java:52)
at org.testng.SuiteRunnerWorker.run(SuiteRunnerWorker.java:95)
at org.testng.TestNG.runSuitesSequentially(TestNG.java:1274)
at org.testng.TestNG.runSuitesLocally(TestNG.java:1208)
at org.testng.TestNG.runSuites(TestNG.java:1112)
at org.testng.TestNG.run(TestNG.java:1079)
at org.apache.maven.surefire.testng.TestNGExecutor.run(TestNGExecutor.java:308)
at org.apache.maven.surefire.testng.TestNGXmlTestSuite.execute(TestNGXmlTestSuite.java:71)
at org.apache.maven.surefire.testng.TestNGProvider.invoke(TestNGProvider.java:113)
at org.apache.maven.surefire.booter.ForkedBooter.runSuitesInProcess(ForkedBooter.java:385)
at org.apache.maven.surefire.booter.ForkedBooter.execute(ForkedBooter.java:162)
at org.apache.maven.surefire.booter.ForkedBooter.run(ForkedBooter.java:507)
at org.apache.maven.surefire.booter.ForkedBooter.main(ForkedBooter.java:495)
]]>
    </failure>
  </testcase> <!-- verifySubscriptionUseralreadyExist -->
  <testcase classname="com.ecom.tests.CartPageTest_UI" name="verifyScrollToTopButton" time="0.344"/>
</testsuite> <!-- com.ecom.tests.CartPageTest_UI -->
