<?xml version="1.0" encoding="UTF-8"?>
<!-- Generated by org.testng.reporters.JUnitReportReporter -->
<testsuite hostname="DESKTOP-RGL2CCS" failures="1" tests="23" name="com.ecom.tests.UI_ProductPageTest" time="13.150" errors="0" timestamp="2025-09-15T14:01:58 IST" skipped="0">
  <testcase classname="com.ecom.tests.UI_ProductPageTest" name="verifyLogoDisplayed" time="2.014"/>
  <testcase classname="com.ecom.tests.UI_ProductPageTest" name="verifyCartIconDisplayed" time="0.270"/>
  <testcase classname="com.ecom.tests.UI_ProductPageTest" name="verifyTestCasesDisplayed" time="0.186"/>
  <testcase classname="com.ecom.tests.UI_ProductPageTest" name="verifySignupLoginIconDisplayed" time="0.185"/>
  <testcase classname="com.ecom.tests.UI_ProductPageTest" name="verifyVideoTutorialsIconDisplayed" time="0.157"/>
  <testcase classname="com.ecom.tests.UI_ProductPageTest" name="verifyHomeIconDisplayed" time="0.155"/>
  <testcase classname="com.ecom.tests.UI_ProductPageTest" name="verifyContactUsIconDisplayed" time="0.140"/>
  <testcase classname="com.ecom.tests.UI_ProductPageTest" name="verifyApiTestingIconDisplayed" time="0.157"/>
  <testcase classname="com.ecom.tests.UI_ProductPageTest" name="verifyPromotionalBannerDisplayed" time="0.165"/>
  <testcase classname="com.ecom.tests.UI_ProductPageTest" name="verifyAllProductSection" time="0.266"/>
  <testcase classname="com.ecom.tests.UI_ProductPageTest" name="verifyAddProductIcon" time="0.277"/>
  <testcase classname="com.ecom.tests.UI_ProductPageTest" name="verifyViewProductIcon" time="0.306"/>
  <testcase classname="com.ecom.tests.UI_ProductPageTest" name="verifyCategorySection" time="0.255"/>
  <testcase classname="com.ecom.tests.UI_ProductPageTest" name="verifyBrandsSection" time="0.247"/>
  <testcase classname="com.ecom.tests.UI_ProductPageTest" name="verifyProductSearch" time="1.726"/>
  <testcase classname="com.ecom.tests.UI_ProductPageTest" name="verifySearchProductsSection" time="0.376"/>
  <testcase classname="com.ecom.tests.UI_ProductPageTest" name="verifyCategoryAndBrandNavigation" time="0.901"/>
  <testcase classname="com.ecom.tests.UI_ProductPageTest" name="verifySubscriptionIconVisible" time="0.218"/>
  <testcase classname="com.ecom.tests.UI_ProductPageTest" name="verifySubscriptionEmpty" time="0.694"/>
  <testcase classname="com.ecom.tests.UI_ProductPageTest" name="verifySubscriptionInvalid" time="2.967"/>
  <testcase classname="com.ecom.tests.UI_ProductPageTest" name="verifySubscriptionValid" time="0.705"/>
  <testcase classname="com.ecom.tests.UI_ProductPageTest" name="verifySubscriptionUseralreadyExist" time="0.466">
    <failure message="Subscription success message should NOT be displayed! expected [false] but found [true]" type="java.lang.AssertionError">
      <![CDATA[java.lang.AssertionError: Subscription success message should NOT be displayed! expected [false] but found [true]
at org.testng.Assert.fail(Assert.java:111)
at org.testng.Assert.failNotEquals(Assert.java:1578)
at org.testng.Assert.assertFalse(Assert.java:79)
at com.ecom.tests.UI_ProductPageTest.verifySubscriptionUseralreadyExist(UI_ProductPageTest.java:330)
at java.base/jdk.internal.reflect.NativeMethodAccessorImpl.invoke0(Native Method)
at java.base/jdk.internal.reflect.NativeMethodAccessorImpl.invoke(NativeMethodAccessorImpl.java:77)
at java.base/jdk.internal.reflect.DelegatingMethodAccessorImpl.invoke(DelegatingMethodAccessorImpl.java:43)
at java.base/java.lang.reflect.Method.invoke(Method.java:568)
at org.testng.internal.invokers.MethodInvocationHelper.invokeMethod(MethodInvocationHelper.java:141)
at org.testng.internal.invokers.TestInvoker.invokeMethod(TestInvoker.java:686)
at org.testng.internal.invokers.TestInvoker.invokeTestMethod(TestInvoker.java:230)
at org.testng.internal.invokers.MethodRunner.runInSequence(MethodRunner.java:63)
at org.testng.internal.invokers.TestInvoker$MethodInvocationAgent.invoke(TestInvoker.java:992)
at org.testng.internal.invokers.TestInvoker.invokeTestMethods(TestInvoker.java:203)
at org.testng.internal.invokers.TestMethodWorker.invokeTestMethods(TestMethodWorker.java:154)
at org.testng.internal.invokers.TestMethodWorker.run(TestMethodWorker.java:134)
at java.base/java.util.ArrayList.forEach(ArrayList.java:1511)
at org.testng.TestRunner.privateRun(TestRunner.java:739)
at org.testng.TestRunner.run(TestRunner.java:614)
at org.testng.SuiteRunner.runTest(SuiteRunner.java:421)
at org.testng.SuiteRunner.runSequentially(SuiteRunner.java:413)
at org.testng.SuiteRunner.privateRun(SuiteRunner.java:373)
at org.testng.SuiteRunner.run(SuiteRunner.java:312)
at org.testng.SuiteRunnerWorker.runSuite(SuiteRunnerWorker.java:52)
at org.testng.SuiteRunnerWorker.run(SuiteRunnerWorker.java:95)
at org.testng.TestNG.runSuitesSequentially(TestNG.java:1274)
at org.testng.TestNG.runSuitesLocally(TestNG.java:1208)
at org.testng.TestNG.runSuites(TestNG.java:1112)
at org.testng.TestNG.run(TestNG.java:1079)
at org.apache.maven.surefire.testng.TestNGExecutor.run(TestNGExecutor.java:308)
at org.apache.maven.surefire.testng.TestNGXmlTestSuite.execute(TestNGXmlTestSuite.java:71)
at org.apache.maven.surefire.testng.TestNGProvider.invoke(TestNGProvider.java:113)
at org.apache.maven.surefire.booter.ForkedBooter.runSuitesInProcess(ForkedBooter.java:385)
at org.apache.maven.surefire.booter.ForkedBooter.execute(ForkedBooter.java:162)
at org.apache.maven.surefire.booter.ForkedBooter.run(ForkedBooter.java:507)
at org.apache.maven.surefire.booter.ForkedBooter.main(ForkedBooter.java:495)
]]>
    </failure>
  </testcase> <!-- verifySubscriptionUseralreadyExist -->
  <testcase classname="com.ecom.tests.UI_ProductPageTest" name="verifyScrollToTopButton" time="0.317"/>
</testsuite> <!-- com.ecom.tests.UI_ProductPageTest -->
